Log file open, 10/29/19 21:49:37
LogWindows: Failed to load 'aqProf.dll' (GetLastError=126)
LogWindows: File 'aqProf.dll' does not exist
LogWindows: Failed to load 'VtuneApi.dll' (GetLastError=126)
LogWindows: File 'VtuneApi.dll' does not exist
LogWindows: Failed to load 'VtuneApi32e.dll' (GetLastError=126)
LogWindows: File 'VtuneApi32e.dll' does not exist
LogConsoleResponse: Display: Failed to find resolution value strings in scalability ini. Falling back to default.
LogInit: Display: Running engine for game: VOE
LogPlatformFile: Not using cached read wrapper
LogTaskGraph: Started task graph with 5 named threads and 23 total threads with 3 sets of task threads.
LogStats: Stats thread started at 0.137429
LogD3D11RHI: Loaded GFSDK_Aftermath_Lib.x64.dll
LogICUInternationalization: ICU TimeZone Detection - Raw Offset: +2:00, Platform Override: ''
LogPluginManager: Mounting plugin Paper2D
LogPluginManager: Mounting plugin AISupport
LogPluginManager: Mounting plugin LightPropagationVolume
LogPluginManager: Mounting plugin ActorLayerUtilities
LogPluginManager: Mounting plugin AnimationSharing
LogPluginManager: Mounting plugin CLionSourceCodeAccess
LogPluginManager: Mounting plugin CodeLiteSourceCodeAccess
LogPluginManager: Mounting plugin GitSourceControl
LogPluginManager: Mounting plugin KDevelopSourceCodeAccess
LogPluginManager: Mounting plugin NullSourceCodeAccess
LogPluginManager: Mounting plugin PerforceSourceControl
LogPluginManager: Mounting plugin SubversionSourceControl
LogPluginManager: Mounting plugin UObjectPlugin
LogPluginManager: Mounting plugin VisualStudioCodeSourceCodeAccess
LogPluginManager: Mounting plugin VisualStudioSourceCodeAccess
LogPluginManager: Mounting plugin XCodeSourceCodeAccess
LogPluginManager: Mounting plugin AssetManagerEditor
LogPluginManager: Mounting plugin CryptoKeys
LogPluginManager: Mounting plugin CurveEditorTools
LogPluginManager: Mounting plugin DataValidation
LogPluginManager: Mounting plugin FacialAnimation
LogPluginManager: Mounting plugin GameplayTagsEditor
LogPluginManager: Mounting plugin MacGraphicsSwitching
LogPluginManager: Mounting plugin MaterialAnalyzer
LogPluginManager: Mounting plugin MobileLauncherProfileWizard
LogPluginManager: Mounting plugin PluginBrowser
LogPluginManager: Mounting plugin SpeedTreeImporter
LogPluginManager: Mounting plugin DatasmithContent
LogPluginManager: Mounting plugin VariantManagerContent
LogPluginManager: Mounting plugin AlembicImporter
LogPluginManager: Mounting plugin AutomationUtils
LogPluginManager: Mounting plugin BackChannel
LogPluginManager: Mounting plugin CharacterAI
LogPluginManager: Mounting plugin GeometryCache
LogPluginManager: Mounting plugin HTML5Networking
LogPluginManager: Mounting plugin PlatformCrypto
LogPluginManager: Mounting plugin ProxyLODPlugin
LogPluginManager: Mounting plugin SkeletalReduction
LogPluginManager: Mounting plugin MagicLeap
LogPluginManager: Mounting plugin MagicLeapMedia
LogPluginManager: Mounting plugin AndroidMedia
LogPluginManager: Mounting plugin AvfMedia
LogPluginManager: Mounting plugin ImgMedia
LogPluginManager: Mounting plugin MediaCompositing
LogPluginManager: Mounting plugin MediaPlayerEditor
LogPluginManager: Mounting plugin WebMMedia
LogPluginManager: Mounting plugin WmfMedia
LogPluginManager: Mounting plugin TcpMessaging
LogPluginManager: Mounting plugin UdpMessaging
LogPluginManager: Mounting plugin ActorSequence
LogPluginManager: Mounting plugin LevelSequenceEditor
LogPluginManager: Mounting plugin MatineeToLevelSequence
LogPluginManager: Mounting plugin NetcodeUnitTest
LogPluginManager: Mounting plugin NUTUnrealEngine4
LogPluginManager: Mounting plugin OnlineSubsystemGooglePlay
LogPluginManager: Mounting plugin OnlineSubsystemIOS
LogPluginManager: Mounting plugin OnlineSubsystem
LogPluginManager: Mounting plugin OnlineSubsystemNull
LogPluginManager: Mounting plugin OnlineSubsystemUtils
LogPluginManager: Mounting plugin LauncherChunkInstaller
LogPluginManager: Mounting plugin AndroidDeviceProfileSelector
LogPluginManager: Mounting plugin AndroidMoviePlayer
LogPluginManager: Mounting plugin AndroidPermission
LogPluginManager: Mounting plugin AppleImageUtils
LogPluginManager: Mounting plugin AppleMoviePlayer
LogPluginManager: Mounting plugin ArchVisCharacter
LogPluginManager: Mounting plugin AudioCapture
LogPluginManager: Mounting plugin CableComponent
LogPluginManager: Mounting plugin CustomMeshComponent
LogPluginManager: Mounting plugin EditableMesh
LogPluginManager: Mounting plugin ExampleDeviceProfileSelector
LogPluginManager: Mounting plugin GoogleCloudMessaging
LogPluginManager: Mounting plugin IOSDeviceProfileSelector
LogPluginManager: Mounting plugin LinuxDeviceProfileSelector
LogPluginManager: Mounting plugin LocationServicesBPLibrary
LogPluginManager: Mounting plugin MobilePatchingUtils
LogPluginManager: Mounting plugin OculusVR
LogPluginManager: Mounting plugin PhysXVehicles
LogPluginManager: Mounting plugin ProceduralMeshComponent
LogPluginManager: Mounting plugin RuntimePhysXCooking
LogPluginManager: Mounting plugin SignificanceManager
LogPluginManager: Mounting plugin SteamVR
LogPluginManager: Mounting plugin WebMMoviePlayer
LogPluginManager: Mounting plugin WindowsMoviePlayer
LogPluginManager: Mounting plugin ScreenshotTools
LogInit: Using libcurl 7.55.1-DEV
LogInit:  - built for x86_64-pc-win32
LogInit:  - supports SSL with OpenSSL/1.1.1
LogInit:  - supports HTTP deflate (compression) using libz 1.2.8
LogInit:  - other features:
LogInit:      CURL_VERSION_SSL
LogInit:      CURL_VERSION_LIBZ
LogInit:      CURL_VERSION_IPV6
LogInit:      CURL_VERSION_ASYNCHDNS
LogInit:      CURL_VERSION_LARGEFILE
LogInit:      CURL_VERSION_IDN
LogInit:  CurlRequestOptions (configurable via config and command line):
LogInit:  - bVerifyPeer = true  - Libcurl will verify peer certificate
LogInit:  - bUseHttpProxy = false  - Libcurl will NOT use HTTP proxy
LogInit:  - bDontReuseConnections = false  - Libcurl will reuse connections
LogInit:  - MaxHostConnections = 16  - Libcurl will limit the number of connections to a host
LogInit:  - LocalHostAddr = Default
LogInit:  - BufferSize = 65536
LogOnline: OSS: Creating online subsystem instance for: NULL
LogInit: WinSock: version 1.1 (2.2), MaxSocks=32767, MaxUdp=65467
LogInit: Build: ++UE4+Release-4.23-CL-9631420
LogInit: Engine Version: 4.23.1-9631420+++UE4+Release-4.23
LogInit: Compatible Engine Version: 4.23.0-8386587+++UE4+Release-4.23
LogInit: Net CL: 8386587
LogInit: OS: Windows 8.1 (), CPU: Intel(R) Core(TM) i7-6700 CPU @ 3.40GHz, GPU: Radeon (TM) RX 480 Graphics
LogInit: Compiled (64-bit): Oct 18 2019 02:07:44
LogInit: Compiled with Visual C++: 19.16.27030.01
LogInit: Build Configuration: Development
LogInit: Branch Name: ++UE4+Release-4.23
LogInit: Command Line: 
LogInit: Base Directory: D:/Programs/UE_4.23/Engine/Binaries/Win64/
LogInit: Installed Engine Build: 1
LogDevObjectVersion: Number of dev versions registered: 23
LogDevObjectVersion:   Dev-Blueprints (B0D832E4-1F89-4F0D-ACCF-7EB736FD4AA2): 10
LogDevObjectVersion:   Dev-Build (E1C64328-A22C-4D53-A36C-8E866417BD8C): 0
LogDevObjectVersion:   Dev-Core (375EC13C-06E4-48FB-B500-84F0262A717E): 3
LogDevObjectVersion:   Dev-Editor (E4B068ED-F494-42E9-A231-DA0B2E46BB41): 34
LogDevObjectVersion:   Dev-Framework (CFFC743F-43B0-4480-9391-14DF171D2073): 35
LogDevObjectVersion:   Dev-Mobile (B02B49B5-BB20-44E9-A304-32B752E40360): 2
LogDevObjectVersion:   Dev-Networking (A4E4105C-59A1-49B5-A7C5-40C4547EDFEE): 0
LogDevObjectVersion:   Dev-Online (39C831C9-5AE6-47DC-9A44-9C173E1C8E7C): 0
LogDevObjectVersion:   Dev-Physics (78F01B33-EBEA-4F98-B9B4-84EACCB95AA2): 0
LogDevObjectVersion:   Dev-Platform (6631380F-2D4D-43E0-8009-CF276956A95A): 0
LogDevObjectVersion:   Dev-Rendering (12F88B9F-8875-4AFC-A67C-D90C383ABD29): 31
LogDevObjectVersion:   Dev-Sequencer (7B5AE74C-D270-4C10-A958-57980B212A5A): 11
LogDevObjectVersion:   Dev-VR (D7296918-1DD6-4BDD-9DE2-64A83CC13884): 2
LogDevObjectVersion:   Dev-LoadTimes (C2A15278-BFE7-4AFE-6C17-90FF531DF755): 1
LogDevObjectVersion:   Private-Geometry (6EACA3D4-40EC-4CC1-B786-8BED09428FC5): 3
LogDevObjectVersion:   Dev-AnimPhys (29E575DD-E0A3-4627-9D10-D276232CDCEA): 17
LogDevObjectVersion:   Dev-Anim (AF43A65D-7FD3-4947-9873-3E8ED9C1BB05): 2
LogDevObjectVersion:   Dev-ReflectionCapture (6B266CEC-1EC7-4B8F-A30B-E4D90942FC07): 1
LogDevObjectVersion:   Dev-Automation (0DF73D61-A23F-47EA-B727-89E90C41499A): 1
LogDevObjectVersion:   FortniteMain (601D1886-AC64-4F84-AA16-D3DE0DEAC7D6): 27
LogDevObjectVersion:   Dev-Enterprise (9DFFBCD6-494F-0158-E221-12823C92A888): 6
LogDevObjectVersion:   Dev-Niagara (F2AED0AC-9AFE-416F-8664-AA7FFA26D6FC): 1
LogDevObjectVersion:   Dev-Destruction (174F1F0B-B4C6-45A5-B13F-2EE8D0FB917D): 9
LogInit: Presizing for max 16777216 objects, including 0 objects not considered by GC, pre-allocating 0 bytes for permanent pool.
LogInit: Object subsystem initialized
LogConfig: Setting CVar [[con.DebugEarlyDefault:1]]
LogConfig: Setting CVar [[r.setres:1280x720]]
[2019.10.29-19.49.37:422][  0]LogConfig: Setting CVar [[r.VSync:0]]
[2019.10.29-19.49.37:422][  0]LogConfig: Setting CVar [[r.RHICmdBypass:0]]
[2019.10.29-19.49.37:422][  0]LogConfig: Applying CVar settings from Section [/Script/Engine.RendererSettings] File [D:/Programs/Nalesnikovskyi/VOE/Saved/Config/Windows/Engine.ini]
[2019.10.29-19.49.37:422][  0]LogConfig: Setting CVar [[r.GPUCrashDebugging:0]]
[2019.10.29-19.49.37:422][  0]LogConfig: Setting CVar [[r.DefaultFeature.AutoExposure.ExtendDefaultLuminanceRange:1]]
[2019.10.29-19.49.37:422][  0]LogConfig: Applying CVar settings from Section [/Script/Engine.RendererOverrideSettings] File [D:/Programs/Nalesnikovskyi/VOE/Saved/Config/Windows/Engine.ini]
[2019.10.29-19.49.37:422][  0]LogConfig: Applying CVar settings from Section [/Script/Engine.StreamingSettings] File [D:/Programs/Nalesnikovskyi/VOE/Saved/Config/Windows/Engine.ini]
[2019.10.29-19.49.37:422][  0]LogConfig: Setting CVar [[s.MinBulkDataSizeForAsyncLoading:131072]]
[2019.10.29-19.49.37:422][  0]LogConfig: Setting CVar [[s.AsyncLoadingThreadEnabled:0]]
[2019.10.29-19.49.37:422][  0]LogConfig: Setting CVar [[s.EventDrivenLoaderEnabled:1]]
[2019.10.29-19.49.37:422][  0]LogConfig: Setting CVar [[s.WarnIfTimeLimitExceeded:0]]
[2019.10.29-19.49.37:422][  0]LogConfig: Setting CVar [[s.TimeLimitExceededMultiplier:1.5]]
[2019.10.29-19.49.37:422][  0]LogConfig: Setting CVar [[s.TimeLimitExceededMinTime:0.005]]
[2019.10.29-19.49.37:422][  0]LogConfig: Setting CVar [[s.UseBackgroundLevelStreaming:1]]
[2019.10.29-19.49.37:422][  0]LogConfig: Setting CVar [[s.PriorityAsyncLoadingExtraTime:15.0]]
[2019.10.29-19.49.37:422][  0]LogConfig: Setting CVar [[s.LevelStreamingActorsUpdateTimeLimit:5.0]]
[2019.10.29-19.49.37:422][  0]LogConfig: Setting CVar [[s.PriorityLevelStreamingActorsUpdateExtraTime:5.0]]
[2019.10.29-19.49.37:422][  0]LogConfig: Setting CVar [[s.LevelStreamingComponentsRegistrationGranularity:10]]
[2019.10.29-19.49.37:422][  0]LogConfig: Setting CVar [[s.UnregisterComponentsTimeLimit:1.0]]
[2019.10.29-19.49.37:423][  0]LogConfig: Setting CVar [[s.LevelStreamingComponentsUnregistrationGranularity:5]]
[2019.10.29-19.49.37:423][  0]LogConfig: Applying CVar settings from Section [/Script/Engine.GarbageCollectionSettings] File [D:/Programs/Nalesnikovskyi/VOE/Saved/Config/Windows/Engine.ini]
[2019.10.29-19.49.37:423][  0]LogConfig: Setting CVar [[gc.MaxObjectsNotConsideredByGC:1]]
[2019.10.29-19.49.37:423][  0]LogConfig: Setting CVar [[gc.SizeOfPermanentObjectPool:0]]
[2019.10.29-19.49.37:423][  0]LogConfig: Setting CVar [[gc.FlushStreamingOnGC:0]]
[2019.10.29-19.49.37:423][  0]LogConfig: Setting CVar [[gc.NumRetriesBeforeForcingGC:10]]
[2019.10.29-19.49.37:423][  0]LogConfig: Setting CVar [[gc.AllowParallelGC:1]]
[2019.10.29-19.49.37:423][  0]LogConfig: Setting CVar [[gc.TimeBetweenPurgingPendingKillObjects:61.1]]
[2019.10.29-19.49.37:423][  0]LogConfig: Setting CVar [[gc.MaxObjectsInEditor:16777216]]
[2019.10.29-19.49.37:423][  0]LogConfig: Setting CVar [[gc.IncrementalBeginDestroyEnabled:1]]
[2019.10.29-19.49.37:423][  0]LogConfig: Setting CVar [[gc.CreateGCClusters:1]]
[2019.10.29-19.49.37:423][  0]LogConfig: Setting CVar [[gc.MinGCClusterSize:5]]
[2019.10.29-19.49.37:423][  0]LogConfig: Setting CVar [[gc.ActorClusteringEnabled:0]]
[2019.10.29-19.49.37:423][  0]LogConfig: Setting CVar [[gc.BlueprintClusteringEnabled:0]]
[2019.10.29-19.49.37:423][  0]LogConfig: Setting CVar [[gc.UseDisregardForGCOnDedicatedServers:0]]
[2019.10.29-19.49.37:423][  0]LogConfig: Applying CVar settings from Section [/Script/Engine.NetworkSettings] File [D:/Programs/Nalesnikovskyi/VOE/Saved/Config/Windows/Engine.ini]
[2019.10.29-19.49.37:423][  0]LogConfig: Applying CVar settings from Section [/Script/UnrealEd.CookerSettings] File [D:/Programs/Nalesnikovskyi/VOE/Saved/Config/Windows/Engine.ini]
[2019.10.29-19.49.37:427][  0]LogConfig: Applying CVar settings from Section [ViewDistanceQuality@3] File [D:/Programs/Nalesnikovskyi/VOE/Saved/Config/Windows/Scalability.ini]
[2019.10.29-19.49.37:427][  0]LogConfig: Setting CVar [[r.SkeletalMeshLODBias:0]]
[2019.10.29-19.49.37:427][  0]LogConfig: Setting CVar [[r.ViewDistanceScale:1.0]]
[2019.10.29-19.49.37:427][  0]LogConfig: Applying CVar settings from Section [AntiAliasingQuality@3] File [D:/Programs/Nalesnikovskyi/VOE/Saved/Config/Windows/Scalability.ini]
[2019.10.29-19.49.37:427][  0]LogConfig: Setting CVar [[r.PostProcessAAQuality:4]]
[2019.10.29-19.49.37:427][  0]LogConfig: Applying CVar settings from Section [ShadowQuality@3] File [D:/Programs/Nalesnikovskyi/VOE/Saved/Config/Windows/Scalability.ini]
[2019.10.29-19.49.37:427][  0]LogConfig: Setting CVar [[r.LightFunctionQuality:1]]
[2019.10.29-19.49.37:427][  0]LogConfig: Setting CVar [[r.ShadowQuality:5]]
[2019.10.29-19.49.37:427][  0]LogConfig: Setting CVar [[r.Shadow.CSM.MaxCascades:10]]
[2019.10.29-19.49.37:427][  0]LogConfig: Setting CVar [[r.Shadow.MaxResolution:2048]]
[2019.10.29-19.49.37:427][  0]LogConfig: Setting CVar [[r.Shadow.MaxCSMResolution:2048]]
[2019.10.29-19.49.37:428][  0]LogConfig: Setting CVar [[r.Shadow.RadiusThreshold:0.01]]
[2019.10.29-19.49.37:428][  0]LogConfig: Setting CVar [[r.Shadow.DistanceScale:1.0]]
[2019.10.29-19.49.37:428][  0]LogConfig: Setting CVar [[r.Shadow.CSM.TransitionScale:1.0]]
[2019.10.29-19.49.37:428][  0]LogConfig: Setting CVar [[r.Shadow.PreShadowResolutionFactor:1.0]]
[2019.10.29-19.49.37:428][  0]LogConfig: Setting CVar [[r.DistanceFieldShadowing:1]]
[2019.10.29-19.49.37:428][  0]LogConfig: Setting CVar [[r.DistanceFieldAO:1]]
[2019.10.29-19.49.37:428][  0]LogConfig: Setting CVar [[r.AOQuality:2]]
[2019.10.29-19.49.37:428][  0]LogConfig: Setting CVar [[r.VolumetricFog:1]]
[2019.10.29-19.49.37:428][  0]LogConfig: Setting CVar [[r.VolumetricFog.GridPixelSize:8]]
[2019.10.29-19.49.37:428][  0]LogConfig: Setting CVar [[r.VolumetricFog.GridSizeZ:128]]
[2019.10.29-19.49.37:428][  0]LogConfig: Setting CVar [[r.VolumetricFog.HistoryMissSupersampleCount:4]]
[2019.10.29-19.49.37:428][  0]LogConfig: Setting CVar [[r.LightMaxDrawDistanceScale:1]]
[2019.10.29-19.49.37:428][  0]LogConfig: Setting CVar [[r.CapsuleShadows:1]]
[2019.10.29-19.49.37:428][  0]LogConfig: Applying CVar settings from Section [PostProcessQuality@3] File [D:/Programs/Nalesnikovskyi/VOE/Saved/Config/Windows/Scalability.ini]
[2019.10.29-19.49.37:428][  0]LogConfig: Setting CVar [[r.MotionBlurQuality:4]]
[2019.10.29-19.49.37:428][  0]LogConfig: Setting CVar [[r.AmbientOcclusionMipLevelFactor:0.4]]
[2019.10.29-19.49.37:428][  0]LogConfig: Setting CVar [[r.AmbientOcclusionMaxQuality:100]]
[2019.10.29-19.49.37:428][  0]LogConfig: Setting CVar [[r.AmbientOcclusionLevels:-1]]
[2019.10.29-19.49.37:428][  0]LogConfig: Setting CVar [[r.AmbientOcclusionRadiusScale:1.0]]
[2019.10.29-19.49.37:428][  0]LogConfig: Setting CVar [[r.DepthOfFieldQuality:2]]
[2019.10.29-19.49.37:428][  0]LogConfig: Setting CVar [[r.RenderTargetPoolMin:400]]
[2019.10.29-19.49.37:428][  0]LogConfig: Setting CVar [[r.LensFlareQuality:2]]
[2019.10.29-19.49.37:428][  0]LogConfig: Setting CVar [[r.SceneColorFringeQuality:1]]
[2019.10.29-19.49.37:428][  0]LogConfig: Setting CVar [[r.EyeAdaptationQuality:2]]
[2019.10.29-19.49.37:428][  0]LogConfig: Setting CVar [[r.BloomQuality:5]]
[2019.10.29-19.49.37:428][  0]LogConfig: Setting CVar [[r.FastBlurThreshold:100]]
[2019.10.29-19.49.37:428][  0]LogConfig: Setting CVar [[r.Upscale.Quality:3]]
[2019.10.29-19.49.37:428][  0]LogConfig: Setting CVar [[r.Tonemapper.GrainQuantization:1]]
[2019.10.29-19.49.37:428][  0]LogConfig: Setting CVar [[r.LightShaftQuality:1]]
[2019.10.29-19.49.37:428][  0]LogConfig: Setting CVar [[r.Filter.SizeScale:1]]
[2019.10.29-19.49.37:428][  0]LogConfig: Setting CVar [[r.Tonemapper.Quality:5]]
[2019.10.29-19.49.37:428][  0]LogConfig: Setting CVar [[r.DOF.Gather.AccumulatorQuality:1        ; higher gathering accumulator quality]]
[2019.10.29-19.49.37:428][  0]LogConfig: Setting CVar [[r.DOF.Gather.PostfilterMethod:1          ; Median3x3 postfilering method]]
[2019.10.29-19.49.37:428][  0]LogConfig: Setting CVar [[r.DOF.Gather.EnableBokehSettings:0       ; no bokeh simulation when gathering]]
[2019.10.29-19.49.37:428][  0]LogConfig: Setting CVar [[r.DOF.Gather.RingCount:4                 ; medium number of samples when gathering]]
[2019.10.29-19.49.37:428][  0]LogConfig: Setting CVar [[r.DOF.Scatter.ForegroundCompositing:1    ; additive foreground scattering]]
[2019.10.29-19.49.37:428][  0]LogConfig: Setting CVar [[r.DOF.Scatter.BackgroundCompositing:2    ; additive background scattering]]
[2019.10.29-19.49.37:428][  0]LogConfig: Setting CVar [[r.DOF.Scatter.EnableBokehSettings:1      ; bokeh simulation when scattering]]
[2019.10.29-19.49.37:428][  0]LogConfig: Setting CVar [[r.DOF.Scatter.MaxSpriteRatio:0.1         ; only a maximum of 10% of scattered bokeh]]
[2019.10.29-19.49.37:428][  0]LogConfig: Setting CVar [[r.DOF.Recombine.Quality:1                ; cheap slight out of focus]]
[2019.10.29-19.49.37:428][  0]LogConfig: Setting CVar [[r.DOF.Recombine.EnableBokehSettings:0    ; no bokeh simulation on slight out of focus]]
[2019.10.29-19.49.37:428][  0]LogConfig: Setting CVar [[r.DOF.TemporalAAQuality:1                ; more stable temporal accumulation]]
[2019.10.29-19.49.37:429][  0]LogConfig: Setting CVar [[r.DOF.Kernel.MaxForegroundRadius:0.025]]
[2019.10.29-19.49.37:429][  0]LogConfig: Setting CVar [[r.DOF.Kernel.MaxBackgroundRadius:0.025]]
[2019.10.29-19.49.37:429][  0]LogConfig: Applying CVar settings from Section [TextureQuality@3] File [D:/Programs/Nalesnikovskyi/VOE/Saved/Config/Windows/Scalability.ini]
[2019.10.29-19.49.37:429][  0]LogConfig: Setting CVar [[r.Streaming.MipBias:0]]
[2019.10.29-19.49.37:429][  0]LogConfig: Setting CVar [[r.Streaming.AmortizeCPUToGPUCopy:0]]
[2019.10.29-19.49.37:429][  0]LogConfig: Setting CVar [[r.Streaming.MaxNumTexturesToStreamPerFrame:0]]
[2019.10.29-19.49.37:429][  0]LogConfig: Setting CVar [[r.Streaming.Boost:1]]
[2019.10.29-19.49.37:429][  0]LogConfig: Setting CVar [[r.MaxAnisotropy:8]]
[2019.10.29-19.49.37:429][  0]LogConfig: Setting CVar [[r.Streaming.LimitPoolSizeToVRAM:0]]
[2019.10.29-19.49.37:429][  0]LogConfig: Setting CVar [[r.Streaming.PoolSize:1000]]
[2019.10.29-19.49.37:429][  0]LogConfig: Setting CVar [[r.Streaming.MaxEffectiveScreenSize:0]]
[2019.10.29-19.49.37:429][  0]LogConfig: Applying CVar settings from Section [EffectsQuality@3] File [D:/Programs/Nalesnikovskyi/VOE/Saved/Config/Windows/Scalability.ini]
[2019.10.29-19.49.37:429][  0]LogConfig: Setting CVar [[r.TranslucencyLightingVolumeDim:64]]
[2019.10.29-19.49.37:429][  0]LogConfig: Setting CVar [[r.RefractionQuality:2]]
[2019.10.29-19.49.37:429][  0]LogConfig: Setting CVar [[r.SSR.Quality:3]]
[2019.10.29-19.49.37:429][  0]LogConfig: Setting CVar [[r.SceneColorFormat:4]]
[2019.10.29-19.49.37:429][  0]LogConfig: Setting CVar [[r.DetailMode:2]]
[2019.10.29-19.49.37:429][  0]LogConfig: Setting CVar [[r.TranslucencyVolumeBlur:1]]
[2019.10.29-19.49.37:429][  0]LogConfig: Setting CVar [[r.MaterialQualityLevel:1 ; High quality]]
[2019.10.29-19.49.37:429][  0]LogConfig: Setting CVar [[r.SSS.Scale:1]]
[2019.10.29-19.49.37:429][  0]LogConfig: Setting CVar [[r.SSS.SampleSet:2]]
[2019.10.29-19.49.37:429][  0]LogConfig: Setting CVar [[r.SSS.Quality:1]]
[2019.10.29-19.49.37:429][  0]LogConfig: Setting CVar [[r.SSS.HalfRes:1]]
[2019.10.29-19.49.37:429][  0]LogConfig: Setting CVar [[r.EmitterSpawnRateScale:1.0]]
[2019.10.29-19.49.37:429][  0]LogConfig: Setting CVar [[r.ParticleLightQuality:2]]
[2019.10.29-19.49.37:429][  0]LogConfig: Applying CVar settings from Section [FoliageQuality@3] File [D:/Programs/Nalesnikovskyi/VOE/Saved/Config/Windows/Scalability.ini]
[2019.10.29-19.49.37:429][  0]LogConfig: Setting CVar [[foliage.DensityScale:1.0]]
[2019.10.29-19.49.37:429][  0]LogConfig: Setting CVar [[grass.DensityScale:1.0]]
[2019.10.29-19.49.37:429][  0]LogInit: Selected Device Profile: [Windows]
[2019.10.29-19.49.37:429][  0]LogInit: Applying CVar settings loaded from the selected device profile: [Windows]
[2019.10.29-19.49.37:434][  0]LogHAL: Display: Platform has ~ 16 GB [17140801536 / 17179869184 / 16], which maps to Larger [LargestMinGB=32, LargerMinGB=12, DefaultMinGB=8, SmallerMinGB=6, SmallestMinGB=0)
[2019.10.29-19.49.37:434][  0]LogInit: Going up to parent DeviceProfile []
[2019.10.29-19.49.37:435][  0]LogConfig: Applying CVar settings from Section [ViewDistanceQuality@3] File [D:/Programs/Nalesnikovskyi/VOE/Saved/Config/Windows/Scalability.ini]
[2019.10.29-19.49.37:435][  0]LogConfig: Setting CVar [[r.SkeletalMeshLODBias:0]]
[2019.10.29-19.49.37:435][  0]LogConfig: Setting CVar [[r.ViewDistanceScale:1.0]]
[2019.10.29-19.49.37:435][  0]LogConfig: Applying CVar settings from Section [AntiAliasingQuality@3] File [D:/Programs/Nalesnikovskyi/VOE/Saved/Config/Windows/Scalability.ini]
[2019.10.29-19.49.37:435][  0]LogConfig: Setting CVar [[r.PostProcessAAQuality:4]]
[2019.10.29-19.49.37:435][  0]LogConfig: Applying CVar settings from Section [ShadowQuality@3] File [D:/Programs/Nalesnikovskyi/VOE/Saved/Config/Windows/Scalability.ini]
[2019.10.29-19.49.37:435][  0]LogConfig: Setting CVar [[r.LightFunctionQuality:1]]
[2019.10.29-19.49.37:435][  0]LogConfig: Setting CVar [[r.ShadowQuality:5]]
[2019.10.29-19.49.37:435][  0]LogConfig: Setting CVar [[r.Shadow.CSM.MaxCascades:10]]
[2019.10.29-19.49.37:435][  0]LogConfig: Setting CVar [[r.Shadow.MaxResolution:2048]]
[2019.10.29-19.49.37:435][  0]LogConfig: Setting CVar [[r.Shadow.MaxCSMResolution:2048]]
[2019.10.29-19.49.37:435][  0]LogConfig: Setting CVar [[r.Shadow.RadiusThreshold:0.01]]
[2019.10.29-19.49.37:435][  0]LogConfig: Setting CVar [[r.Shadow.DistanceScale:1.0]]
[2019.10.29-19.49.37:435][  0]LogConfig: Setting CVar [[r.Shadow.CSM.TransitionScale:1.0]]
[2019.10.29-19.49.37:435][  0]LogConfig: Setting CVar [[r.Shadow.PreShadowResolutionFactor:1.0]]
[2019.10.29-19.49.37:435][  0]LogConfig: Setting CVar [[r.DistanceFieldShadowing:1]]
[2019.10.29-19.49.37:435][  0]LogConfig: Setting CVar [[r.DistanceFieldAO:1]]
[2019.10.29-19.49.37:435][  0]LogConfig: Setting CVar [[r.AOQuality:2]]
[2019.10.29-19.49.37:435][  0]LogConfig: Setting CVar [[r.VolumetricFog:1]]
[2019.10.29-19.49.37:435][  0]LogConfig: Setting CVar [[r.VolumetricFog.GridPixelSize:8]]
[2019.10.29-19.49.37:435][  0]LogConfig: Setting CVar [[r.VolumetricFog.GridSizeZ:128]]
[2019.10.29-19.49.37:435][  0]LogConfig: Setting CVar [[r.VolumetricFog.HistoryMissSupersampleCount:4]]
[2019.10.29-19.49.37:435][  0]LogConfig: Setting CVar [[r.LightMaxDrawDistanceScale:1]]
[2019.10.29-19.49.37:435][  0]LogConfig: Setting CVar [[r.CapsuleShadows:1]]
[2019.10.29-19.49.37:435][  0]LogConfig: Applying CVar settings from Section [PostProcessQuality@3] File [D:/Programs/Nalesnikovskyi/VOE/Saved/Config/Windows/Scalability.ini]
[2019.10.29-19.49.37:435][  0]LogConfig: Setting CVar [[r.MotionBlurQuality:4]]
[2019.10.29-19.49.37:435][  0]LogConfig: Setting CVar [[r.AmbientOcclusionMipLevelFactor:0.4]]
[2019.10.29-19.49.37:435][  0]LogConfig: Setting CVar [[r.AmbientOcclusionMaxQuality:100]]
[2019.10.29-19.49.37:435][  0]LogConfig: Setting CVar [[r.AmbientOcclusionLevels:-1]]
[2019.10.29-19.49.37:435][  0]LogConfig: Setting CVar [[r.AmbientOcclusionRadiusScale:1.0]]
[2019.10.29-19.49.37:435][  0]LogConfig: Setting CVar [[r.DepthOfFieldQuality:2]]
[2019.10.29-19.49.37:435][  0]LogConfig: Setting CVar [[r.RenderTargetPoolMin:400]]
[2019.10.29-19.49.37:435][  0]LogConfig: Setting CVar [[r.LensFlareQuality:2]]
[2019.10.29-19.49.37:435][  0]LogConfig: Setting CVar [[r.SceneColorFringeQuality:1]]
[2019.10.29-19.49.37:435][  0]LogConfig: Setting CVar [[r.EyeAdaptationQuality:2]]
[2019.10.29-19.49.37:435][  0]LogConfig: Setting CVar [[r.BloomQuality:5]]
[2019.10.29-19.49.37:435][  0]LogConfig: Setting CVar [[r.FastBlurThreshold:100]]
[2019.10.29-19.49.37:435][  0]LogConfig: Setting CVar [[r.Upscale.Quality:3]]
[2019.10.29-19.49.37:435][  0]LogConfig: Setting CVar [[r.Tonemapper.GrainQuantization:1]]
[2019.10.29-19.49.37:435][  0]LogConfig: Setting CVar [[r.LightShaftQuality:1]]
[2019.10.29-19.49.37:435][  0]LogConfig: Setting CVar [[r.Filter.SizeScale:1]]
[2019.10.29-19.49.37:435][  0]LogConfig: Setting CVar [[r.Tonemapper.Quality:5]]
[2019.10.29-19.49.37:435][  0]LogConfig: Setting CVar [[r.DOF.Gather.AccumulatorQuality:1        ; higher gathering accumulator quality]]
[2019.10.29-19.49.37:435][  0]LogConfig: Setting CVar [[r.DOF.Gather.PostfilterMethod:1          ; Median3x3 postfilering method]]
[2019.10.29-19.49.37:436][  0]LogConfig: Setting CVar [[r.DOF.Gather.EnableBokehSettings:0       ; no bokeh simulation when gathering]]
[2019.10.29-19.49.37:436][  0]LogConfig: Setting CVar [[r.DOF.Gather.RingCount:4                 ; medium number of samples when gathering]]
[2019.10.29-19.49.37:436][  0]LogConfig: Setting CVar [[r.DOF.Scatter.ForegroundCompositing:1    ; additive foreground scattering]]
[2019.10.29-19.49.37:436][  0]LogConfig: Setting CVar [[r.DOF.Scatter.BackgroundCompositing:2    ; additive background scattering]]
[2019.10.29-19.49.37:436][  0]LogConfig: Setting CVar [[r.DOF.Scatter.EnableBokehSettings:1      ; bokeh simulation when scattering]]
[2019.10.29-19.49.37:436][  0]LogConfig: Setting CVar [[r.DOF.Scatter.MaxSpriteRatio:0.1         ; only a maximum of 10% of scattered bokeh]]
[2019.10.29-19.49.37:436][  0]LogConfig: Setting CVar [[r.DOF.Recombine.Quality:1                ; cheap slight out of focus]]
[2019.10.29-19.49.37:436][  0]LogConfig: Setting CVar [[r.DOF.Recombine.EnableBokehSettings:0    ; no bokeh simulation on slight out of focus]]
[2019.10.29-19.49.37:436][  0]LogConfig: Setting CVar [[r.DOF.TemporalAAQuality:1                ; more stable temporal accumulation]]
[2019.10.29-19.49.37:436][  0]LogConfig: Setting CVar [[r.DOF.Kernel.MaxForegroundRadius:0.025]]
[2019.10.29-19.49.37:436][  0]LogConfig: Setting CVar [[r.DOF.Kernel.MaxBackgroundRadius:0.025]]
[2019.10.29-19.49.37:436][  0]LogConfig: Applying CVar settings from Section [TextureQuality@3] File [D:/Programs/Nalesnikovskyi/VOE/Saved/Config/Windows/Scalability.ini]
[2019.10.29-19.49.37:436][  0]LogConfig: Setting CVar [[r.Streaming.MipBias:0]]
[2019.10.29-19.49.37:436][  0]LogConfig: Setting CVar [[r.Streaming.AmortizeCPUToGPUCopy:0]]
[2019.10.29-19.49.37:436][  0]LogConfig: Setting CVar [[r.Streaming.MaxNumTexturesToStreamPerFrame:0]]
[2019.10.29-19.49.37:436][  0]LogConfig: Setting CVar [[r.Streaming.Boost:1]]
[2019.10.29-19.49.37:436][  0]LogConfig: Setting CVar [[r.MaxAnisotropy:8]]
[2019.10.29-19.49.37:436][  0]LogConfig: Setting CVar [[r.Streaming.LimitPoolSizeToVRAM:0]]
[2019.10.29-19.49.37:436][  0]LogConfig: Setting CVar [[r.Streaming.PoolSize:1000]]
[2019.10.29-19.49.37:436][  0]LogConfig: Setting CVar [[r.Streaming.MaxEffectiveScreenSize:0]]
[2019.10.29-19.49.37:436][  0]LogConfig: Applying CVar settings from Section [EffectsQuality@3] File [D:/Programs/Nalesnikovskyi/VOE/Saved/Config/Windows/Scalability.ini]
[2019.10.29-19.49.37:436][  0]LogConfig: Setting CVar [[r.TranslucencyLightingVolumeDim:64]]
[2019.10.29-19.49.37:436][  0]LogConfig: Setting CVar [[r.RefractionQuality:2]]
[2019.10.29-19.49.37:436][  0]LogConfig: Setting CVar [[r.SSR.Quality:3]]
[2019.10.29-19.49.37:436][  0]LogConfig: Setting CVar [[r.SceneColorFormat:4]]
[2019.10.29-19.49.37:436][  0]LogConfig: Setting CVar [[r.DetailMode:2]]
[2019.10.29-19.49.37:436][  0]LogConfig: Setting CVar [[r.TranslucencyVolumeBlur:1]]
[2019.10.29-19.49.37:436][  0]LogConfig: Setting CVar [[r.MaterialQualityLevel:1 ; High quality]]
[2019.10.29-19.49.37:436][  0]LogConfig: Setting CVar [[r.SSS.Scale:1]]
[2019.10.29-19.49.37:436][  0]LogConfig: Setting CVar [[r.SSS.SampleSet:2]]
[2019.10.29-19.49.37:436][  0]LogConfig: Setting CVar [[r.SSS.Quality:1]]
[2019.10.29-19.49.37:436][  0]LogConfig: Setting CVar [[r.SSS.HalfRes:1]]
[2019.10.29-19.49.37:436][  0]LogConfig: Setting CVar [[r.EmitterSpawnRateScale:1.0]]
[2019.10.29-19.49.37:436][  0]LogConfig: Setting CVar [[r.ParticleLightQuality:2]]
[2019.10.29-19.49.37:436][  0]LogConfig: Applying CVar settings from Section [FoliageQuality@3] File [D:/Programs/Nalesnikovskyi/VOE/Saved/Config/Windows/Scalability.ini]
[2019.10.29-19.49.37:436][  0]LogConfig: Setting CVar [[foliage.DensityScale:1.0]]
[2019.10.29-19.49.37:436][  0]LogConfig: Setting CVar [[grass.DensityScale:1.0]]
[2019.10.29-19.49.37:436][  0]LogConfig: Applying CVar settings from Section [Startup] File [../../../Engine/Config/ConsoleVariables.ini]
[2019.10.29-19.49.37:437][  0]LogConfig: Setting CVar [[net.UseAdaptiveNetUpdateFrequency:0]]
[2019.10.29-19.49.37:437][  0]LogConfig: Setting CVar [[p.chaos.AllowCreatePhysxBodies:1]]
[2019.10.29-19.49.37:437][  0]LogConfig: Applying CVar settings from Section [ConsoleVariables] File [D:/Programs/Nalesnikovskyi/VOE/Saved/Config/Windows/Engine.ini]
[2019.10.29-19.49.37:437][  0]LogInit: Computer: ANBR-
[2019.10.29-19.49.37:437][  0]LogInit: User: AndriiBronnikov
[2019.10.29-19.49.37:437][  0]LogInit: CPU Page size=4096, Cores=4
[2019.10.29-19.49.37:437][  0]LogInit: High frequency timer resolution =3.328133 MHz
[2019.10.29-19.49.37:437][  0]LogMemory: Memory total: Physical=16.0GB (16GB approx)
[2019.10.29-19.49.37:437][  0]LogMemory: Platform Memory Stats for Windows
[2019.10.29-19.49.37:437][  0]LogMemory: Process Physical Memory: 97.29 MB used, 97.29 MB peak
[2019.10.29-19.49.37:437][  0]LogMemory: Process Virtual Memory: 88.40 MB used, 88.40 MB peak
[2019.10.29-19.49.37:437][  0]LogMemory: Physical Memory: 11799.04 MB used,  4547.70 MB free, 16346.74 MB total
[2019.10.29-19.49.37:437][  0]LogMemory: Virtual Memory: 517.73 MB used,  134217208.00 MB free, 134217728.00 MB total
[2019.10.29-19.49.37:447][  0]LogWindows: WindowsPlatformFeatures enabled
[2019.10.29-19.49.37:481][  0]LogInit: Using OS detected language (ru-RU).
[2019.10.29-19.49.37:481][  0]LogInit: Using OS detected locale (ru-RU).
[2019.10.29-19.49.37:483][  0]LogTextLocalizationManager: No specific localization for 'ru-RU' exists, so the 'ru' localization will be used.
[2019.10.29-19.49.37:483][  0]LogTextLocalizationResource: LocRes '../../../Engine/Content/Localization/Editor/ru/Editor.locres' could not be opened for reading!
[2019.10.29-19.49.37:484][  0]LogTextLocalizationResource: LocRes '../../../Engine/Content/Localization/EditorTutorials/ru/EditorTutorials.locres' could not be opened for reading!
[2019.10.29-19.49.37:484][  0]LogTextLocalizationResource: LocRes '../../../Engine/Content/Localization/Keywords/ru/Keywords.locres' could not be opened for reading!
[2019.10.29-19.49.37:484][  0]LogTextLocalizationResource: LocRes '../../../Engine/Content/Localization/Category/ru/Category.locres' could not be opened for reading!
[2019.10.29-19.49.37:484][  0]LogTextLocalizationResource: LocRes '../../../Engine/Content/Localization/ToolTips/ru/ToolTips.locres' could not be opened for reading!
[2019.10.29-19.49.37:484][  0]LogTextLocalizationResource: LocRes '../../../Engine/Content/Localization/PropertyNames/ru/PropertyNames.locres' could not be opened for reading!
[2019.10.29-19.49.37:484][  0]LogTextLocalizationResource: LocRes '../../../Engine/Content/Localization/Engine/ru/Engine.locres' could not be opened for reading!
[2019.10.29-19.49.37:485][  0]LogInit: Setting process to per monitor DPI aware
[2019.10.29-19.49.37:565][  0]LogSlate: New Slate User Created.  User Index 0, Is Virtual User: 0
[2019.10.29-19.49.37:565][  0]LogSlate: Slate User Registered.  User Index 0, Is Virtual User: 0
[2019.10.29-19.49.37:845][  0]LogHMD: Failed to initialize OpenVR with code 110
[2019.10.29-19.49.37:845][  0]LogD3D11RHI: D3D11 adapters:
[2019.10.29-19.49.37:864][  0]LogD3D11RHI:    0. 'Radeon (TM) RX 480 Graphics' (Feature Level 11_0)
[2019.10.29-19.49.37:864][  0]LogD3D11RHI:       8136/0/3840 MB DedicatedVideo/DedicatedSystem/SharedSystem, Outputs:1, VendorId:0x1002
[2019.10.29-19.49.37:866][  0]LogD3D11RHI:    1. 'Microsoft Basic Render Driver' (Feature Level 11_0)
[2019.10.29-19.49.37:866][  0]LogD3D11RHI:       0/0/256 MB DedicatedVideo/DedicatedSystem/SharedSystem, Outputs:0, VendorId:0x1414
[2019.10.29-19.49.37:866][  0]LogD3D11RHI: Chosen D3D11 Adapter: 0
[2019.10.29-19.49.37:875][  0]LogD3D11RHI: Creating new Direct3DDevice
[2019.10.29-19.49.37:875][  0]LogD3D11RHI:     GPU DeviceId: 0x67df (for the marketing name, search the web for "GPU Device Id")
[2019.10.29-19.49.37:875][  0]LogWindows: EnumDisplayDevices:
[2019.10.29-19.49.37:876][  0]LogWindows:    0. 'Radeon (TM) RX 480 Graphics' (P:1 D:1)
[2019.10.29-19.49.37:876][  0]LogWindows:    1. 'Radeon (TM) RX 480 Graphics' (P:0 D:0)
[2019.10.29-19.49.37:876][  0]LogWindows:    2. 'Radeon (TM) RX 480 Graphics' (P:0 D:0)
[2019.10.29-19.49.37:877][  0]LogWindows:    3. 'Radeon (TM) RX 480 Graphics' (P:0 D:0)
[2019.10.29-19.49.37:877][  0]LogWindows:    4. 'Radeon (TM) RX 480 Graphics' (P:0 D:0)
[2019.10.29-19.49.37:878][  0]LogWindows:    5. 'Radeon (TM) RX 480 Graphics' (P:0 D:0)
[2019.10.29-19.49.37:878][  0]LogWindows: DebugString: FoundDriverCount:6 
[2019.10.29-19.49.37:878][  0]LogD3D11RHI:     Adapter Name: Radeon (TM) RX 480 Graphics
[2019.10.29-19.49.37:878][  0]LogD3D11RHI:   Driver Version: Crimson ReLive 17.7.1 (internal:22.19.171.1024, unified:22.19.171.1024)
[2019.10.29-19.49.37:878][  0]LogD3D11RHI:      Driver Date: 7-4-2017
[2019.10.29-19.49.37:878][  0]LogRHI: Texture pool is 5695 MB (70% of 8136 MB)
[2019.10.29-19.49.38:007][  0]LogD3D11RHI: Async texture creation enabled
[2019.10.29-19.49.38:020][  0]LogD3D11RHI: GPU Timing Frequency: 25.000000 (Debug: 2 1)
[2019.10.29-19.49.39:221][  0]LogTemp: Display: Module 'AllDesktopTargetPlatform' loaded TargetPlatform 'AllDesktop'
[2019.10.29-19.49.39:236][  0]LogTemp: Display: Module 'MacClientTargetPlatform' loaded TargetPlatform 'MacClient'
[2019.10.29-19.49.39:252][  0]LogTemp: Display: Module 'MacNoEditorTargetPlatform' loaded TargetPlatform 'MacNoEditor'
[2019.10.29-19.49.39:267][  0]LogTemp: Display: Module 'MacServerTargetPlatform' loaded TargetPlatform 'MacServer'
[2019.10.29-19.49.39:283][  0]LogTemp: Display: Module 'MacTargetPlatform' loaded TargetPlatform 'Mac'
[2019.10.29-19.49.39:299][  0]LogTemp: Display: Module 'WindowsClientTargetPlatform' loaded TargetPlatform 'WindowsClient'
[2019.10.29-19.49.39:318][  0]LogTemp: Display: Module 'WindowsNoEditorTargetPlatform' loaded TargetPlatform 'WindowsNoEditor'
[2019.10.29-19.49.39:337][  0]LogTemp: Display: Module 'WindowsServerTargetPlatform' loaded TargetPlatform 'WindowsServer'
[2019.10.29-19.49.39:345][  0]LogTemp: Display: Module 'WindowsTargetPlatform' loaded TargetPlatform 'Windows'
[2019.10.29-19.49.39:406][  0]LogTemp: Display: Module 'AndroidTargetPlatform' loaded TargetPlatform 'Android'
[2019.10.29-19.49.39:406][  0]LogTemp: Display: Module 'AndroidTargetPlatform' loaded TargetPlatform 'Android_ASTC'
[2019.10.29-19.49.39:406][  0]LogTemp: Display: Module 'AndroidTargetPlatform' loaded TargetPlatform 'Android_ATC'
[2019.10.29-19.49.39:406][  0]LogTemp: Display: Module 'AndroidTargetPlatform' loaded TargetPlatform 'Android_DXT'
[2019.10.29-19.49.39:406][  0]LogTemp: Display: Module 'AndroidTargetPlatform' loaded TargetPlatform 'Android_ETC1'
[2019.10.29-19.49.39:406][  0]LogTemp: Display: Module 'AndroidTargetPlatform' loaded TargetPlatform 'Android_ETC1a'
[2019.10.29-19.49.39:406][  0]LogTemp: Display: Module 'AndroidTargetPlatform' loaded TargetPlatform 'Android_ETC2'
[2019.10.29-19.49.39:406][  0]LogTemp: Display: Module 'AndroidTargetPlatform' loaded TargetPlatform 'Android_PVRTC'
[2019.10.29-19.49.39:406][  0]LogTemp: Display: Module 'AndroidTargetPlatform' loaded TargetPlatform 'AndroidClient'
[2019.10.29-19.49.39:406][  0]LogTemp: Display: Module 'AndroidTargetPlatform' loaded TargetPlatform 'Android_ASTCClient'
[2019.10.29-19.49.39:406][  0]LogTemp: Display: Module 'AndroidTargetPlatform' loaded TargetPlatform 'Android_ATCClient'
[2019.10.29-19.49.39:406][  0]LogTemp: Display: Module 'AndroidTargetPlatform' loaded TargetPlatform 'Android_DXTClient'
[2019.10.29-19.49.39:406][  0]LogTemp: Display: Module 'AndroidTargetPlatform' loaded TargetPlatform 'Android_ETC1Client'
[2019.10.29-19.49.39:406][  0]LogTemp: Display: Module 'AndroidTargetPlatform' loaded TargetPlatform 'Android_ETC1aClient'
[2019.10.29-19.49.39:406][  0]LogTemp: Display: Module 'AndroidTargetPlatform' loaded TargetPlatform 'Android_ETC2Client'
[2019.10.29-19.49.39:406][  0]LogTemp: Display: Module 'AndroidTargetPlatform' loaded TargetPlatform 'Android_PVRTCClient'
[2019.10.29-19.49.39:406][  0]LogTemp: Display: Module 'AndroidTargetPlatform' loaded TargetPlatform 'Android_Multi'
[2019.10.29-19.49.39:406][  0]LogTemp: Display: Module 'AndroidTargetPlatform' loaded TargetPlatform 'Android_MultiClient'
[2019.10.29-19.49.39:408][  0]LogTemp: Display: Module 'HTML5TargetPlatform' loaded TargetPlatform 'HTML5'
[2019.10.29-19.49.39:441][  0]LogTemp: Display: Module 'IOSTargetPlatform' loaded TargetPlatform 'IOSClient'
[2019.10.29-19.49.39:441][  0]LogTemp: Display: Module 'IOSTargetPlatform' loaded TargetPlatform 'IOS'
[2019.10.29-19.49.39:467][  0]LogTemp: Display: Module 'TVOSTargetPlatform' loaded TargetPlatform 'TVOSClient'
[2019.10.29-19.49.39:467][  0]LogTemp: Display: Module 'TVOSTargetPlatform' loaded TargetPlatform 'TVOS'
[2019.10.29-19.49.39:482][  0]LogTemp: Display: Module 'LinuxClientTargetPlatform' loaded TargetPlatform 'LinuxClient'
[2019.10.29-19.49.39:495][  0]LogTemp: Display: Module 'LinuxNoEditorTargetPlatform' loaded TargetPlatform 'LinuxNoEditor'
[2019.10.29-19.49.39:511][  0]LogTemp: Display: Module 'LinuxServerTargetPlatform' loaded TargetPlatform 'LinuxServer'
[2019.10.29-19.49.39:529][  0]LogTemp: Display: Module 'LinuxTargetPlatform' loaded TargetPlatform 'Linux'
[2019.10.29-19.49.39:575][  0]LogTemp: Display: Module 'LuminTargetPlatform' loaded TargetPlatform 'Lumin'
[2019.10.29-19.49.39:575][  0]LogTemp: Display: Module 'LuminTargetPlatform' loaded TargetPlatform 'LuminClient'
[2019.10.29-19.49.39:575][  0]LogTargetPlatformManager: Display: Building Assets For Windows
[2019.10.29-19.49.39:596][  0]LogAudioDebug: Display: Lib vorbis DLL was dynamically loaded.
[2019.10.29-19.49.39:684][  0]LogShaderCompilers: Guid format shader working directory is 27 characters bigger than the processId version (../../../../Nalesnikovskyi/VOE/Intermediate/Shaders/WorkingDirectory/1852/).
[2019.10.29-19.49.39:684][  0]LogShaderCompilers: Cleaned the shader compiler working directory 'C:/Users/Andrii Bronnikov/AppData/Local/Temp/UnrealShaderWorkingDir/B17DE052448336F1D824CF91F86708F2/'.
[2019.10.29-19.49.39:687][  0]LogXGEController: Cannot use XGE Controller as Incredibuild is not installed on this machine.
[2019.10.29-19.49.39:687][  0]LogShaderCompilers: Cannot use XGE Shader Compiler as Incredibuild is not installed on this machine.
[2019.10.29-19.49.39:687][  0]LogShaderCompilers: Display: Using Local Shader Compiler.
[2019.10.29-19.49.40:880][  0]LogDerivedDataCache: Display: Max Cache Size: 512 MB
[2019.10.29-19.49.40:880][  0]LogDerivedDataCache: Display: Starting with empty Boot cache
[2019.10.29-19.49.40:880][  0]LogDerivedDataCache: FDerivedDataBackendGraph:  Pak pak cache file ../../../../Nalesnikovskyi/VOE/DerivedDataCache/DDC.ddp not found, will not use a pak cache.
[2019.10.29-19.49.40:880][  0]LogDerivedDataCache: Unable to find inner node Pak for hierarchical cache Hierarchy.
[2019.10.29-19.49.40:880][  0]LogDerivedDataCache: FDerivedDataBackendGraph:  CompressedPak pak cache file ../../../../Nalesnikovskyi/VOE/DerivedDataCache/Compressed.ddp not found, will not use a pak cache.
[2019.10.29-19.49.40:880][  0]LogDerivedDataCache: Unable to find inner node CompressedPak for hierarchical cache Hierarchy.
[2019.10.29-19.49.40:900][  0]LogDerivedDataCache: Display: Pak cache opened for reading ../../../Engine/DerivedDataCache/Compressed.ddp.
[2019.10.29-19.49.40:901][  0]LogDerivedDataCache: FDerivedDataBackendGraph:  EnterprisePak pak cache file ../../../Enterprise/DerivedDataCache/Compressed.ddp not found, will not use a pak cache.
[2019.10.29-19.49.40:901][  0]LogDerivedDataCache: Unable to find inner node EnterprisePak for hierarchical cache Hierarchy.
[2019.10.29-19.49.40:902][  0]LogDerivedDataCache: Using Local data cache path C:/Users/Andrii Bronnikov/AppData/Local/UnrealEngine/Common/DerivedDataCache: Writable
[2019.10.29-19.49.40:902][  0]LogDerivedDataCache: Shared data cache path not found in *engine.ini, will not use an Shared cache.
[2019.10.29-19.49.40:902][  0]LogDerivedDataCache: Unable to find inner node Shared for hierarchical cache Hierarchy.
[2019.10.29-19.49.40:946][  0]LogMaterial: Verifying Global Shaders for PCD3D_SM5
[2019.10.29-19.49.40:950][  0]LogSlate: Using FreeType 2.6.0
[2019.10.29-19.49.40:951][  0]LogSlate: SlateFontServices - WITH_FREETYPE: 1, WITH_HARFBUZZ: 1
[2019.10.29-19.49.41:055][  0]LogAssetRegistry: FAssetRegistry took 0.0046 seconds to start up
[2019.10.29-19.49.41:622][  0]LogInit: Selected Device Profile: [Windows]
[2019.10.29-19.49.41:962][  0]LogMeshReduction: Using QuadricMeshReduction for automatic static mesh reduction
[2019.10.29-19.49.41:962][  0]LogMeshReduction: Using SimplygonMeshReduction for automatic skeletal mesh reduction
[2019.10.29-19.49.41:962][  0]LogMeshReduction: Using ProxyLODMeshReduction for automatic mesh merging
[2019.10.29-19.49.41:962][  0]LogMeshReduction: No distributed automatic mesh merging module available
[2019.10.29-19.49.41:963][  0]LogMeshMerging: No distributed automatic mesh merging module available
[2019.10.29-19.49.41:984][  0]LogNetVersion: VOE 1.0.0, NetCL: 8386587, EngineNetVer: 11, GameNetVer: 0 (Checksum: 1323888261)
[2019.10.29-19.49.43:161][  0]LogPackageLocalizationCache: Processed 12 localized package path(s) for 1 prioritized culture(s) in 0.060921 seconds
[2019.10.29-19.49.43:174][  0]LogUObjectArray: 43444 objects as part of root set at end of initial load.
[2019.10.29-19.49.43:174][  0]LogUObjectAllocator: 7548648 out of 0 bytes used by permanent object pool.
[2019.10.29-19.49.43:174][  0]LogUObjectArray: CloseDisregardForGC: 0/0 objects in disregard for GC pool
[2019.10.29-19.49.50:328][  0]LogTcpMessaging: Initializing TcpMessaging bridge
[2019.10.29-19.49.50:588][  0]LogUdpMessaging: Initializing bridge on interface 0.0.0.0:0 to multicast group 230.0.0.1:6666.
[2019.10.29-19.49.52:422][  0]SourceControl: Source control is disabled
[2019.10.29-19.49.52:433][  0]SourceControl: Source control is disabled
[2019.10.29-19.49.52:865][  0]SourceControl: Source control is disabled
[2019.10.29-19.49.52:997][  0]SourceControl: Source control is disabled
[2019.10.29-19.49.53:162][  0]LogVSAccessor: Display: Unable to create Visual Studio setup instance: 80040154
[2019.10.29-19.49.53:162][  0]LogVSAccessor: Display: Unable to create Visual Studio setup instance: 80040154
[2019.10.29-19.49.56:472][  0]LogAndroidPermission: UAndroidPermissionCallbackProxy::GetInstance
[2019.10.29-19.49.58:327][  0]LogOcInput: OculusInput pre-init called
[2019.10.29-19.49.58:492][  0]LogWindows: Failed to load 'OVRPlugin.dll' (GetLastError=126)
[2019.10.29-19.49.58:492][  0]LogWindows: File 'OVRPlugin.dll' does not exist
[2019.10.29-19.50.02:021][  0]LogAutomationTest: Warning: Smoke tests took > 2s to run: 2.47s
[2019.10.29-19.50.02:386][  0]LogEngine: Initializing Engine...
[2019.10.29-19.50.02:636][  0]LogHMD: Failed to initialize OpenVR with code 110
[2019.10.29-19.50.03:047][  0]LogStats: UGameplayTagsManager::InitializeManager -  0.109 s
[2019.10.29-19.50.05:317][  0]LogInit: Initializing FReadOnlyCVARCache
[2019.10.29-19.50.06:885][  0]LogAIModule: Creating AISystem for world Untitled
[2019.10.29-19.50.07:667][  0]LogInit: XAudio2 using 'Realtek HD Audio 2nd output (Realtek High Definition Audio)' : 2 channels at 48 kHz using 32 bits per sample (channel mask 0x3)
[2019.10.29-19.50.07:695][  0]LogInit: FAudioDevice initialized.
[2019.10.29-19.50.07:717][  0]LogNetVersion: Set ProjectVersion to 1.0.0.0. Version Checksum will be recalculated on next use.
[2019.10.29-19.50.08:047][  0]LogDerivedDataCache: Saved boot cache 0.33s 73MB C:/Users/Andrii Bronnikov/AppData/Local/UnrealEngine/4.23/DerivedDataCache/Boot.ddc.
[2019.10.29-19.50.08:049][  0]LogInit: Texture streaming: Enabled
[2019.10.29-19.50.08:315][  0]LogEngineSessionManager: EngineSessionManager initialized
[2019.10.29-19.50.08:348][  0]LogEditorSessionSummary: Verbose: Initializing EditorSessionSummaryWriter for editor session tracking
[2019.10.29-19.50.08:350][  0]LogEditorSessionSummary: EditorSessionSummaryWriter initialized
[2019.10.29-19.50.09:182][  0]LogInit: Transaction tracking system initialized
[2019.10.29-19.50.10:361][  0]BlueprintLog: New page: Editor Load
[2019.10.29-19.50.13:616][  0]LocalizationService: Localization service is disabled
[2019.10.29-19.50.15:450][  0]LogVSAccessor: Display: Unable to create Visual Studio setup instance: 80040154
[2019.10.29-19.50.15:451][  0]LogVSAccessor: Display: Unable to create Visual Studio setup instance: 80040154
[2019.10.29-19.50.18:017][  0]LogFileCache: Scanning file cache for directory 'D:/Programs/Nalesnikovskyi/VOE/Content/' took 0.00s
[2019.10.29-19.50.18:017][  0]LogCook: Display: Max memory allowance for cook 16384mb min free memory 0mb
[2019.10.29-19.50.18:018][  0]LogCook: Display: Mobile HDR setting 1
[2019.10.29-19.50.21:209][  0]LogDerivedDataCache: FFileSystemDerivedDataBackend: Move collision, attempt at redundant update, OK C:/Users/Andrii Bronnikov/AppData/Local/UnrealEngine/Common/DerivedDataCache/1/2/4/MESHDATAKEY_STATICMESH_6E342F4997294EBEA9FB3ED1E8CF5D3B_2157D1F4844CE3E70070CA7D58D10412.udd.
[2019.10.29-19.50.23:104][  0]LogDerivedDataCache: FFileSystemDerivedDataBackend: Move collision, attempt at redundant update, OK C:/Users/Andrii Bronnikov/AppData/Local/UnrealEngine/Common/DerivedDataCache/0/0/9/MESHDATAKEY_STATICMESH_6E342F4997294EBEA9FB3ED1E8CF5D3B_8027C826C57AD83DD7B1640694B248F9.udd.
[2019.10.29-19.50.23:805][  0]SourceControl: Source control is disabled
[2019.10.29-19.50.23:858][  0]Cmd: MAP LOAD FILE="../../../../Nalesnikovskyi/VOE/Content/StarterContent/Maps/Minimal_Default.umap" TEMPLATE=0 SHOWPROGRESS=1 FEATURELEVEL=3
[2019.10.29-19.50.24:126][  0]LightingResults: New page: Lighting Build
[2019.10.29-19.50.24:948][  0]LogWorld: UWorld::CleanupWorld for Untitled, bSessionEnded=true, bCleanupResources=true
[2019.10.29-19.50.25:349][  0]MapCheck: New page: Map Check
[2019.10.29-19.50.25:349][  0]LightingResults: New page: Lighting Build
[2019.10.29-19.50.26:972][  0]LogUObjectHash: Compacting FUObjectHashTables data took   2.05ms
[2019.10.29-19.50.31:220][  0]LogAIModule: Creating AISystem for world Minimal_Default
[2019.10.29-19.50.33:375][  0]LogEditorServer: Finished looking for orphan Actors (0.000 secs)
[2019.10.29-19.50.33:814][  0]LogUObjectHash: Compacting FUObjectHashTables data took   3.01ms
[2019.10.29-19.50.33:826][  0]Cmd: MAP CHECKDEP NOCLEARLOG
[2019.10.29-19.50.33:854][  0]MapCheck: Map check complete: 0 Error(s), 0 Warning(s), took 27,432ms to complete.
[2019.10.29-19.50.33:854][  0]LogFileHelpers: Loading map 'Minimal_Default' took 10.001
[2019.10.29-19.50.35:816][  0]LogWindowsTextInputMethodSystem: Display: IME system now deactivated.
[2019.10.29-19.50.37:400][  0]LogSlate: Updating window title bar state: overlay mode, drag disabled, window buttons hidden, title bar hidden
[2019.10.29-19.50.37:447][  0]LogSlate: Updating window title bar state: overlay mode, drag disabled, window buttons hidden, title bar hidden
[2019.10.29-19.50.37:454][  0]LogSlate: Updating window title bar state: overlay mode, drag disabled, window buttons hidden, title bar hidden
[2019.10.29-19.50.37:462][  0]LogSlate: Updating window title bar state: overlay mode, drag disabled, window buttons hidden, title bar hidden
[2019.10.29-19.50.37:992][  0]LogCollectionManager: Loaded 0 collections in 0.001608 seconds
[2019.10.29-19.50.38:649][  0]LogFileCache: Scanning file cache for directory 'D:/Programs/Nalesnikovskyi/VOE/Saved/Collections/' took 0.00s
[2019.10.29-19.50.38:649][  0]LogFileCache: Scanning file cache for directory 'D:/Programs/Nalesnikovskyi/VOE/Content/Developers/AndriiBronnikov/Collections/' took 0.00s
[2019.10.29-19.50.38:649][  0]LogFileCache: Scanning file cache for directory 'D:/Programs/Nalesnikovskyi/VOE/Content/Collections/' took 0.00s
[2019.10.29-19.50.38:649][  0]LogCollectionManager: Rebuilt the GUID cache for 0 collections in 0.000002 seconds
[2019.10.29-19.50.38:660][  0]LogContentBrowser: Native class hierarchy populated in 0.0097 seconds. Added 2863 classes and 680 folders.
[2019.10.29-19.50.39:013][  0]LogContentBrowser: Native class hierarchy updated for 'WidgetCarousel' in 0.0002 seconds. Added 0 classes and 0 folders.
[2019.10.29-19.50.40:021][  0]LogContentBrowser: Native class hierarchy updated for 'AddContentDialog' in 0.0002 seconds. Added 0 classes and 0 folders.
[2019.10.29-19.50.40:342][  0]LogContentBrowser: Native class hierarchy updated for 'SceneOutliner' in 0.0003 seconds. Added 1 classes and 2 folders.
[2019.10.29-19.50.41:880][  0]LogSlate: Took 0.027614 seconds to synchronously load lazily loaded font '../../../Engine/Content/Slate/Fonts/Roboto-Regular.ttf' (155K)
[2019.10.29-19.50.42:044][  0]LogSlate: Took 0.126196 seconds to synchronously load lazily loaded font '../../../Engine/Content/Slate/Fonts/Roboto-Bold.ttf' (160K)
[2019.10.29-19.50.42:352][  0]LogSlate: Took 0.033159 seconds to synchronously load lazily loaded font '../../../Engine/Content/Editor/Slate/Fonts/FontAwesome.ttf' (139K)
[2019.10.29-19.50.43:619][  0]LogRenderer: Reallocating scene render targets to support 1208x572 Format 10 NumSamples 1 (Frame:1).
[2019.10.29-19.50.46:601][  0]LogSlate: FSceneViewport::OnFocusLost() reason 5
[2019.10.29-19.50.47:083][  0]LogSlate: Window 'Tutorials' being destroyed
[2019.10.29-19.50.47:432][  0]LogContentBrowser: Native class hierarchy updated for 'HierarchicalLODOutliner' in 0.0002 seconds. Added 0 classes and 0 folders.
[2019.10.29-19.50.47:432][  0]LogLoad: (Engine Initialization) Total time: 72.07 seconds
[2019.10.29-19.50.47:432][  0]LogLoad: (Engine Initialization) Total Blueprint compile time: 0.00 seconds
[2019.10.29-19.50.49:025][  0]LogContentStreaming: Texture pool size now 1000 MB
[2019.10.29-19.50.50:812][  1]LogSlate: Took 0.047517 seconds to synchronously load lazily loaded font '../../../Engine/Content/Slate/Fonts/Roboto-Light.ttf' (167K)
[2019.10.29-19.50.51:286][  3]LogAssetRegistry: Asset discovery search completed in 70.2315 seconds
[2019.10.29-19.50.51:424][  3]LogCollectionManager: Rebuilt the object cache for 0 collections in 0.116040 seconds (found 0 objects)
[2019.10.29-19.50.51:424][  3]LogCollectionManager: Fixed up redirectors for 0 collections in 0.116095 seconds (updated 0 objects)
[2019.10.29-19.51.02:690][160]LogSlate: FSceneViewport::OnFocusLost() reason 2
[2019.10.29-19.51.16:860][835]LogSlate: FSceneViewport::OnFocusLost() reason 5
[2019.10.29-19.51.28:433][173]LogWindows: Warning: CreateProc failed: Не удается найти указанный файл. (0x00000002)
[2019.10.29-19.51.28:433][173]LogWindows: Warning: URL: C:/Program Files/Git/bin/git.exe version
[2019.10.29-19.51.28:434][173]LogWindows: Warning: CreateProc failed: Не удается найти указанный файл. (0x00000002)
[2019.10.29-19.51.28:434][173]LogWindows: Warning: URL: C:/Program Files (x86)/Git/bin/git.exe version
[2019.10.29-19.51.28:440][173]LogWindows: Warning: CreateProc failed: Не удается найти указанный файл. (0x00000002)
[2019.10.29-19.51.28:440][173]LogWindows: Warning: URL: C:\Users\Andrii Bronnikov\AppData\Local/Programs/Git/cmd/git.exe version
[2019.10.29-19.51.28:440][173]LogWindows: Warning: CreateProc failed: Не удается найти указанный файл. (0x00000002)
[2019.10.29-19.51.28:440][173]LogWindows: Warning: URL: C:/Program Files (x86)/SmartGit/git/bin/git.exe version
[2019.10.29-19.51.28:441][173]LogWindows: Warning: CreateProc failed: Не удается найти указанный файл. (0x00000002)
[2019.10.29-19.51.28:441][173]LogWindows: Warning: URL: C:/Program Files (x86)/SmartGit/bin/git.exe version
[2019.10.29-19.51.28:441][173]LogWindows: Warning: CreateProc failed: Не удается найти указанный файл. (0x00000002)
[2019.10.29-19.51.28:441][173]LogWindows: Warning: URL: C:\Users\Andrii Bronnikov\AppData\Local/Atlassian/SourceTree/git_local/bin/git.exe version
[2019.10.29-19.51.28:441][173]LogWindows: Warning: CreateProc failed: Не удается найти указанный файл. (0x00000002)
[2019.10.29-19.51.28:441][173]LogWindows: Warning: URL: C:/Program Files (x86)/fournova/Tower/vendor/Git/bin/git.exe version
[2019.10.29-19.51.36:689][124]LogWindows: Warning: CreateProc failed: Отказано в доступе. (0x00000005)
[2019.10.29-19.51.36:689][124]LogWindows: Warning: URL: D:/Programs/UE_4.23/Engine/Binaries/Win64/ version
[2019.10.29-19.59.37:380][641]LogSlate: Window 'Source Control Login' being destroyed
[2019.10.29-20.00.00:971][363]LogSlate: FSceneViewport::OnFocusLost() reason 2
[2019.10.29-20.00.14:849][ 14]LogEditorViewport: Clicking on Actor (LMB): BP_Sky_Sphere_C (BP_Sky_Sphere)
[2019.10.29-20.00.49:364][973]LogSlate: FSceneViewport::OnFocusLost() reason 2
[2019.10.29-20.02.00:968][181]LogSlate: Took 0.000265 seconds to synchronously load lazily loaded font '../../../Engine/Content/Slate/Fonts/Roboto-Light.ttf' (167K)
[2019.10.29-20.02.10:175][208]LogUObjectHash: Compacting FUObjectHashTables data took   2.54ms
[2019.10.29-20.02.12:187][208]LogSavePackage: Moving '../../../../Nalesnikovskyi/VOE/Saved/Minimal_Default_Auto10D353010481D4FBA4DFD19B1EA895A9A.tmp' to '../../../../Nalesnikovskyi/VOE/Saved/Autosaves/Game/StarterContent/Maps/Minimal_Default_Auto1.umap'
[2019.10.29-20.02.12:276][208]LogFileHelpers: Editor autosave (incl. sublevels) for '/Game/StarterContent/Maps/Minimal_Default' took 2.164
[2019.10.29-20.02.12:276][208]LogFileHelpers: Editor autosave (incl. sublevels) for all levels took 2.164
[2019.10.29-20.02.44:808][568]LogSlate: FSceneViewport::OnFocusLost() reason 0
[2019.10.29-20.02.45:782][601]LogActorFactory: Actor Factory created Sphere
[2019.10.29-20.02.51:484][ 44]LogActorFactory: Actor Factory created Sphere
[2019.10.29-20.02.53:625][222]LogSlate: FSceneViewport::OnFocusLost() reason 0
[2019.10.29-20.03.06:721][294]LogSlate: FSceneViewport::OnFocusLost() reason 0
[2019.10.29-20.03.07:152][307]LogSlate: FSceneViewport::OnFocusLost() reason 5
[2019.10.29-20.03.07:168][307]Cmd: OBJ SAVEPACKAGE PACKAGE="/Game/StarterContent/Maps/Minimal_Default" FILE="../../../../Nalesnikovskyi/VOE/Content/StarterContent/Maps/Minimal_Default.umap" SILENT=true AUTOSAVING=false KEEPDIRTY=false
[2019.10.29-20.03.07:212][307]LogUObjectHash: Compacting FUObjectHashTables data took   2.63ms
[2019.10.29-20.03.07:640][307]LogSavePackage: Moving '../../../../Nalesnikovskyi/VOE/Saved/Minimal_Default0DCA9CD0427F1536C9ABB8BC07A0F31D.tmp' to '../../../../Nalesnikovskyi/VOE/Content/StarterContent/Maps/Minimal_Default.umap'
[2019.10.29-20.03.07:640][307]LogFileManager: Warning: DeleteFile was unable to delete '../../../../Nalesnikovskyi/VOE/Content/StarterContent/Maps/Minimal_Default.umap', retrying in .5s...
[2019.10.29-20.03.08:141][307]LogFileManager: Error: Error deleting file '../../../../Nalesnikovskyi/VOE/Content/StarterContent/Maps/Minimal_Default.umap'.
[2019.10.29-20.03.08:156][307]LogSavePackage: Error: Error saving '../../../../Nalesnikovskyi/VOE/Content/StarterContent/Maps/Minimal_Default.umap'
[2019.10.29-20.03.08:388][307]EditorErrors: New page: Save Output
[2019.10.29-20.03.08:388][307]EditorErrors: Warning: Error saving '../../../../Nalesnikovskyi/VOE/Content/StarterContent/Maps/Minimal_Default.umap'
[2019.10.29-20.03.15:154][883]LogSlate: Window 'Message Log' being destroyed
[2019.10.29-20.03.15:161][883]LogSlate: Window 'Message Log' being destroyed
[2019.10.29-20.03.31:259][668]LogSlate: FSceneViewport::OnFocusLost() reason 2
[2019.10.29-20.03.41:837][673]LogEditorViewport: Clicking on Actor (LMB): BP_Sky_Sphere_C (BP_Sky_Sphere)
[2019.10.29-20.03.45:642][  2]LogEditorViewport: Clicking on Actor (LMB): BP_Sky_Sphere_C (BP_Sky_Sphere)
[2019.10.29-20.03.53:662][656]LogSlate: FSceneViewport::OnFocusLost() reason 2
[2019.10.29-20.03.55:849][889]LogEditorViewport: Clicking on Actor (LMB): BP_Sky_Sphere_C (BP_Sky_Sphere)
[2019.10.29-20.04.10:532][237]LogSlate: FSceneViewport::OnFocusLost() reason 0
[2019.10.29-20.04.10:739][252]LogUObjectHash: Compacting FUObjectHashTables data took   3.29ms
[2019.10.29-20.04.11:328][252]LogSlate: Window 'VOE - Unreal Editor' being destroyed
[2019.10.29-20.04.11:329][252]LogWindowsTextInputMethodSystem: Display: IME system now deactivated.
[2019.10.29-20.04.12:151][253]Cmd: QUIT_EDITOR
[2019.10.29-20.04.13:079][253]LogExit: Preparing to exit.
[2019.10.29-20.04.14:382][253]LogWorld: UWorld::CleanupWorld for World_0, bSessionEnded=true, bCleanupResources=true
[2019.10.29-20.04.14:737][253]LogDemo: Cleaned up 0 splitscreen connections with owner deletion
[2019.10.29-20.04.15:147][253]LogWorld: UWorld::CleanupWorld for None, bSessionEnded=true, bCleanupResources=true
[2019.10.29-20.04.15:147][253]LogExit: Editor shut down
[2019.10.29-20.04.15:148][253]LogExit: Transaction tracking system shut down
[2019.10.29-20.04.18:211][253]LogAssetRegistry: Error: Failed to open file for write ../../../../Nalesnikovskyi/VOE/Intermediate/CachedAssetRegistry.bin
[2019.10.29-20.04.18:211][253]LogExit: Object subsystem successfully closed.
[2019.10.29-20.04.18:786][253]LogShaderCompilers: Display: Shaders left to compile 0
[2019.10.29-20.04.20:478][253]LogModuleManager: Shutting down and abandoning module HierarchicalLODOutliner (668)
[2019.10.29-20.04.20:478][253]LogModuleManager: Shutting down and abandoning module SceneOutliner (666)
[2019.10.29-20.04.20:478][253]LogModuleManager: Shutting down and abandoning module AddContentDialog (664)
[2019.10.29-20.04.20:501][253]LogModuleManager: Shutting down and abandoning module WidgetCarousel (663)
[2019.10.29-20.04.20:501][253]LogModuleManager: Shutting down and abandoning module EditorWidgets (660)
[2019.10.29-20.04.20:501][253]LogModuleManager: Shutting down and abandoning module CollectionManager (658)
[2019.10.29-20.04.20:516][253]LogModuleManager: Shutting down and abandoning module StatsViewer (656)
[2019.10.29-20.04.20:548][253]LogModuleManager: Shutting down and abandoning module VirtualTexturingEditor (654)
[2019.10.29-20.04.20:548][253]LogModuleManager: Shutting down and abandoning module FoliageEdit (652)
[2019.10.29-20.04.20:659][253]LogModuleManager: Shutting down and abandoning module LandscapeEditor (650)
[2019.10.29-20.04.20:724][253]LogModuleManager: Shutting down and abandoning module MeshPaintMode (648)
[2019.10.29-20.04.20:724][253]LogModuleManager: Shutting down and abandoning module SceneDepthPickerMode (646)
[2019.10.29-20.04.20:725][253]LogModuleManager: Shutting down and abandoning module ActorPickerMode (644)
[2019.10.29-20.04.20:725][253]LogModuleManager: Shutting down and abandoning module GeometryMode (642)
[2019.10.29-20.04.20:738][253]LogModuleManager: Shutting down and abandoning module TextureAlignMode (640)
[2019.10.29-20.04.20:738][253]LogModuleManager: Shutting down and abandoning module BspMode (638)
[2019.10.29-20.04.20:738][253]LogModuleManager: Shutting down and abandoning module PIEPreviewDeviceProfileSelector (636)
[2019.10.29-20.04.20:772][253]LogModuleManager: Shutting down and abandoning module SequenceRecorderSections (634)
[2019.10.29-20.04.20:772][253]LogModuleManager: Shutting down and abandoning module AutomationWorker (632)
[2019.10.29-20.04.20:772][253]LogModuleManager: Shutting down and abandoning module OculusMR (630)
[2019.10.29-20.04.20:772][253]LogModuleManager: Shutting down and abandoning module AudioCaptureEditor (628)
[2019.10.29-20.04.20:773][253]LogModuleManager: Shutting down and abandoning module MatineeToLevelSequence (626)
[2019.10.29-20.04.20:773][253]LogModuleManager: Shutting down and abandoning module LevelSequenceEditor (624)
[2019.10.29-20.04.20:834][253]LogModuleManager: Shutting down and abandoning module PlacementMode (623)
[2019.10.29-20.04.20:834][253]LogModuleManager: Shutting down and abandoning module MaterialEditor (622)
[2019.10.29-20.04.20:943][253]LogModuleManager: Shutting down and abandoning module ActorSequenceEditor (618)
[2019.10.29-20.04.20:993][253]LogModuleManager: Shutting down and abandoning module WmfMediaFactory (616)
[2019.10.29-20.04.20:993][253]LogModuleManager: Shutting down and abandoning module WmfMediaEditor (614)
[2019.10.29-20.04.20:993][253]LogModuleManager: Shutting down and abandoning module WebMMediaFactory (612)
[2019.10.29-20.04.20:993][253]LogModuleManager: Shutting down and abandoning module WebMMediaEditor (610)
[2019.10.29-20.04.20:993][253]LogModuleManager: Shutting down and abandoning module WebMMedia (608)
[2019.10.29-20.04.20:995][253]LogModuleManager: Shutting down and abandoning module MediaPlayerEditor (606)
[2019.10.29-20.04.21:013][253]LogModuleManager: Shutting down and abandoning module MediaCompositingEditor (604)
[2019.10.29-20.04.21:041][253]LogModuleManager: Shutting down and abandoning module SequenceRecorder (603)
[2019.10.29-20.04.21:041][253]LogModuleManager: Shutting down and abandoning module OpenExrWrapper (600)
[2019.10.29-20.04.21:042][253]LogModuleManager: Shutting down and abandoning module ImgMediaFactory (598)
[2019.10.29-20.04.21:042][253]LogModuleManager: Shutting down and abandoning module ImgMediaEditor (596)
[2019.10.29-20.04.21:042][253]LogModuleManager: Shutting down and abandoning module AvfMediaFactory (594)
[2019.10.29-20.04.21:042][253]LogModuleManager: Shutting down and abandoning module AvfMediaEditor (592)
[2019.10.29-20.04.21:042][253]LogModuleManager: Shutting down and abandoning module AndroidMediaFactory (590)
[2019.10.29-20.04.21:042][253]LogModuleManager: Shutting down and abandoning module AndroidMediaEditor (588)
[2019.10.29-20.04.21:042][253]LogModuleManager: Shutting down and abandoning module MagicLeapCameraPreviewFactory (586)
[2019.10.29-20.04.21:042][253]LogModuleManager: Shutting down and abandoning module MagicLeapMediaCodecFactory (584)
[2019.10.29-20.04.21:042][253]LogModuleManager: Shutting down and abandoning module MagicLeapMediaFactory (582)
[2019.10.29-20.04.21:042][253]LogModuleManager: Shutting down and abandoning module MagicLeapMediaEditor (580)
[2019.10.29-20.04.21:042][253]LogModuleManager: Shutting down and abandoning module CharacterAI (578)
[2019.10.29-20.04.21:042][253]LogModuleManager: Shutting down and abandoning module SmartSnapping (576)
[2019.10.29-20.04.21:042][253]LogModuleManager: Shutting down and abandoning module SessionServices (574)
[2019.10.29-20.04.21:042][253]LogModuleManager: Shutting down and abandoning module MeshPaint (572)
[2019.10.29-20.04.21:060][253]LogModuleManager: Shutting down and abandoning module ViewportSnapping (570)
[2019.10.29-20.04.21:060][253]LogModuleManager: Shutting down and abandoning module ViewportInteraction (568)
[2019.10.29-20.04.21:060][253]LogModuleManager: Shutting down and abandoning module ClothPainter (566)
[2019.10.29-20.04.21:106][253]LogModuleManager: Shutting down and abandoning module SkeletalMeshEditor (565)
[2019.10.29-20.04.21:246][253]LogModuleManager: Shutting down and abandoning module LogVisualizer (562)
[2019.10.29-20.04.21:267][253]LogModuleManager: Shutting down and abandoning module IntroTutorials (560)
[2019.10.29-20.04.21:271][253]LogModuleManager: Shutting down and abandoning module GameProjectGeneration (559)
[2019.10.29-20.04.21:300][253]LogModuleManager: Shutting down and abandoning module LuminPlatformEditor (556)
[2019.10.29-20.04.21:300][253]LogModuleManager: Shutting down and abandoning module IOSPlatformEditor (554)
[2019.10.29-20.04.21:314][253]LogModuleManager: Shutting down and abandoning module HTML5PlatformEditor (552)
[2019.10.29-20.04.21:314][253]LogModuleManager: Shutting down and abandoning module AndroidPlatformEditor (550)
[2019.10.29-20.04.21:314][253]LogModuleManager: Shutting down and abandoning module AndroidDeviceDetection (549)
[2019.10.29-20.04.21:905][253]LogModuleManager: Shutting down and abandoning module WindowsPlatformEditor (546)
[2019.10.29-20.04.21:905][253]LogModuleManager: Shutting down and abandoning module LuminRuntimeSettings (544)
[2019.10.29-20.04.21:905][253]LogModuleManager: Shutting down and abandoning module IOSRuntimeSettings (542)
[2019.10.29-20.04.21:905][253]LogModuleManager: Shutting down and abandoning module AndroidRuntimeSettings (540)
[2019.10.29-20.04.21:905][253]LogModuleManager: Shutting down and abandoning module TimeManagementEditor (538)
[2019.10.29-20.04.21:905][253]LogModuleManager: Shutting down and abandoning module InputBindingEditor (536)
[2019.10.29-20.04.21:905][253]LogModuleManager: Shutting down and abandoning module MergeActors (534)
[2019.10.29-20.04.21:951][253]LogModuleManager: Shutting down and abandoning module LocalizationDashboard (532)
[2019.10.29-20.04.21:958][253]LogModuleManager: Shutting down and abandoning module LocalizationService (531)
[2019.10.29-20.04.21:958][253]LogModuleManager: Shutting down and abandoning module HardwareTargeting (528)
[2019.10.29-20.04.21:958][253]LogModuleManager: Shutting down and abandoning module DeviceProfileEditor (526)
[2019.10.29-20.04.21:967][253]LogModuleManager: Shutting down and abandoning module UndoHistory (524)
[2019.10.29-20.04.21:987][253]LogModuleManager: Shutting down and abandoning module XmlParser (522)
[2019.10.29-20.04.21:987][253]LogModuleManager: Shutting down and abandoning module Blutility (520)
[2019.10.29-20.04.21:987][253]LogModuleManager: Shutting down and abandoning module ProjectSettingsViewer (518)
[2019.10.29-20.04.21:987][253]LogModuleManager: Shutting down and abandoning module ProjectTargetPlatformEditor (517)
[2019.10.29-20.04.21:987][253]LogModuleManager: Shutting down and abandoning module EditorSettingsViewer (514)
[2019.10.29-20.04.21:987][253]LogModuleManager: Shutting down and abandoning module SettingsEditor (512)
[2019.10.29-20.04.22:121][253]LogModuleManager: Shutting down and abandoning module ProjectLauncher (510)
[2019.10.29-20.04.22:140][253]LogModuleManager: Shutting down and abandoning module SessionFrontend (508)
[2019.10.29-20.04.22:258][253]LogModuleManager: Shutting down and abandoning module ProfilerClient (506)
[2019.10.29-20.04.22:258][253]LogModuleManager: Shutting down and abandoning module DeviceManager (504)
[2019.10.29-20.04.22:287][253]LogModuleManager: Shutting down and abandoning module TargetDeviceServices (503)
[2019.10.29-20.04.22:328][253]LogModuleManager: Shutting down and abandoning module AutomationController (500)
[2019.10.29-20.04.22:379][253]LogModuleManager: Shutting down and abandoning module AutomationWindow (498)
[2019.10.29-20.04.22:407][253]LogModuleManager: Shutting down and abandoning module Layers (496)
[2019.10.29-20.04.22:541][253]LogModuleManager: Shutting down and abandoning module ComponentVisualizers (494)
[2019.10.29-20.04.22:541][253]LogModuleManager: Shutting down and abandoning module DetailCustomizations (492)
[2019.10.29-20.04.22:541][253]LogModuleManager: Shutting down and abandoning module PackagesDialog (490)
[2019.10.29-20.04.22:542][253]LogModuleManager: Shutting down and abandoning module AnimationBlueprintEditor (488)
[2019.10.29-20.04.22:678][253]LogModuleManager: Shutting down and abandoning module Persona (486)
[2019.10.29-20.04.22:872][253]LogModuleManager: Shutting down and abandoning module AdvancedPreviewScene (485)
[2019.10.29-20.04.22:872][253]LogModuleManager: Shutting down and abandoning module AnimGraph (483)
[2019.10.29-20.04.22:872][253]LogModuleManager: Shutting down and abandoning module Kismet (480)
[2019.10.29-20.04.23:041][253]LogModuleManager: Shutting down and abandoning module KismetWidgets (479)
[2019.10.29-20.04.23:061][253]LogModuleManager: Shutting down and abandoning module GraphEditor (476)
[2019.10.29-20.04.23:162][253]LogModuleManager: Shutting down and abandoning module StructViewer (474)
[2019.10.29-20.04.23:162][253]LogModuleManager: Shutting down and abandoning module ClassViewer (472)
[2019.10.29-20.04.23:162][253]LogModuleManager: Shutting down and abandoning module Toolbox (470)
[2019.10.29-20.04.23:162][253]LogModuleManager: Shutting down and abandoning module ModuleUI (468)
[2019.10.29-20.04.23:173][253]LogModuleManager: Shutting down and abandoning module MovieSceneTools (466)
[2019.10.29-20.04.23:208][253]LogModuleManager: Shutting down and abandoning module OutputLog (464)
[2019.10.29-20.04.23:208][253]LogModuleManager: Shutting down and abandoning module GammaUI (462)
[2019.10.29-20.04.23:208][253]LogModuleManager: Shutting down and abandoning module Documentation (460)
[2019.10.29-20.04.23:208][253]LogModuleManager: Shutting down and abandoning module LiveCoding (458)
[2019.10.29-20.04.23:327][253]LogModuleManager: Shutting down and abandoning module LevelSequence (456)
[2019.10.29-20.04.23:327][253]LogModuleManager: Shutting down and abandoning module MovieSceneTracks (454)
[2019.10.29-20.04.23:327][253]LogModuleManager: Shutting down and abandoning module MovieScene (452)
[2019.10.29-20.04.23:327][253]LogModuleManager: Shutting down and abandoning module StreamingPauseRendering (450)
[2019.10.29-20.04.23:327][253]LogModuleManager: Shutting down and abandoning module LauncherPlatform (448)
[2019.10.29-20.04.23:327][253]LogModuleManager: Shutting down and abandoning module AnalyticsET (446)
[2019.10.29-20.04.23:327][253]LogModuleManager: Shutting down and abandoning module PortalServices (444)
[2019.10.29-20.04.23:327][253]LogModuleManager: Shutting down and abandoning module PortalRpc (442)
[2019.10.29-20.04.23:327][253]LogModuleManager: Shutting down and abandoning module MessagingRpc (440)
[2019.10.29-20.04.23:327][253]LogModuleManager: Shutting down and abandoning module AIModule (438)
[2019.10.29-20.04.23:347][253]LogModuleManager: Shutting down and abandoning module GameplayDebugger (437)
[2019.10.29-20.04.23:504][253]LogModuleManager: Shutting down and abandoning module AITestSuite (435)
[2019.10.29-20.04.23:504][253]LogModuleManager: Shutting down and abandoning module NavigationSystem (433)
[2019.10.29-20.04.23:504][253]LogModuleManager: Shutting down and abandoning module DesktopPlatform (430)
[2019.10.29-20.04.23:514][253]LogModuleManager: Shutting down and abandoning module ImageWriteQueue (428)
[2019.10.29-20.04.23:519][253]LogModuleManager: Shutting down and abandoning module ProfilerService (426)
[2019.10.29-20.04.23:636][253]LogModuleManager: Shutting down and abandoning module TaskGraph (424)
[2019.10.29-20.04.23:692][253]LogModuleManager: Shutting down and abandoning module ScreenshotTools (422)
[2019.10.29-20.04.23:692][253]LogModuleManager: Shutting down and abandoning module SteamVRController (420)
[2019.10.29-20.04.23:692][253]LogModuleManager: Shutting down and abandoning module ProceduralMeshComponentEditor (418)
[2019.10.29-20.04.23:692][253]LogModuleManager: Shutting down and abandoning module ProceduralMeshComponent (416)
[2019.10.29-20.04.23:762][253]LogModuleManager: Shutting down and abandoning module OculusEditor (414)
[2019.10.29-20.04.23:765][253]LogModuleManager: Shutting down and abandoning module OculusInput (412)
[2019.10.29-20.04.23:765][253]LogModuleManager: Shutting down and abandoning module MobilePatchingUtils (410)
[2019.10.29-20.04.23:765][253]LogModuleManager: Shutting down and abandoning module EditableMesh (408)
[2019.10.29-20.04.23:765][253]LogModuleManager: Shutting down and abandoning module CustomMeshComponent (406)
[2019.10.29-20.04.23:765][253]LogModuleManager: Shutting down and abandoning module CableComponent (404)
[2019.10.29-20.04.23:765][253]LogModuleManager: Shutting down and abandoning module AudioCapture (402)
[2019.10.29-20.04.23:765][253]LogModuleManager: Shutting down and abandoning module ArchVisCharacter (400)
[2019.10.29-20.04.23:765][253]LogModuleManager: Shutting down and abandoning module AppleImageUtilsBlueprintSupport (398)
[2019.10.29-20.04.23:765][253]LogModuleManager: Shutting down and abandoning module AppleImageUtils (396)
[2019.10.29-20.04.23:765][253]LogModuleManager: Shutting down and abandoning module AndroidPermission (394)
[2019.10.29-20.04.23:765][253]LogModuleManager: Shutting down and abandoning module NUTUnrealEngine4 (392)
[2019.10.29-20.04.23:784][253]LogModuleManager: Shutting down and abandoning module NetcodeUnitTest (390)
[2019.10.29-20.04.23:792][253]LogModuleManager: Shutting down and abandoning module MediaCompositing (388)
[2019.10.29-20.04.23:792][253]LogModuleManager: Shutting down and abandoning module ImgMedia (386)
[2019.10.29-20.04.23:792][253]LogModuleManager: Shutting down and abandoning module MagicLeapHelperVulkan (384)
[2019.10.29-20.04.23:792][253]LogModuleManager: Shutting down and abandoning module MagicLeapHelperOpenGL (382)
[2019.10.29-20.04.23:792][253]LogModuleManager: Shutting down and abandoning module MagicLeapAudio (380)
[2019.10.29-20.04.23:792][253]LogModuleManager: Shutting down and abandoning module HTML5Networking (378)
[2019.10.29-20.04.23:792][253]LogModuleManager: Shutting down and abandoning module GeometryCacheTracks (376)
[2019.10.29-20.04.23:792][253]LogModuleManager: Shutting down and abandoning module GeometryCacheSequencer (374)
[2019.10.29-20.04.23:792][253]LogModuleManager: Shutting down and abandoning module BackChannel (372)
[2019.10.29-20.04.23:792][253]LogModuleManager: Shutting down and abandoning module AutomationUtilsEditor (370)
[2019.10.29-20.04.23:792][253]LogModuleManager: Shutting down and abandoning module AutomationUtils (368)
[2019.10.29-20.04.23:792][253]LogModuleManager: Shutting down and abandoning module AlembicImporter (366)
[2019.10.29-20.04.23:816][253]LogModuleManager: Shutting down and abandoning module AlembicLibrary (365)
[2019.10.29-20.04.23:817][253]LogModuleManager: Shutting down and abandoning module GeometryCache (364)
[2019.10.29-20.04.23:817][253]LogModuleManager: Shutting down and abandoning module GeometryCacheEd (363)
[2019.10.29-20.04.23:817][253]LogModuleManager: Shutting down and abandoning module VariantManagerContent (358)
[2019.10.29-20.04.23:817][253]LogModuleManager: Shutting down and abandoning module DatasmithContentEditor (356)
[2019.10.29-20.04.23:817][253]LogModuleManager: Shutting down and abandoning module SpeedTreeImporter (354)
[2019.10.29-20.04.23:817][253]LogModuleManager: Shutting down and abandoning module PluginBrowser (352)
[2019.10.29-20.04.24:133][253]LogModuleManager: Shutting down and abandoning module MobileLauncherProfileWizard (350)
[2019.10.29-20.04.24:144][253]LogModuleManager: Shutting down and abandoning module MaterialAnalyzer (348)
[2019.10.29-20.04.24:148][253]LogModuleManager: Shutting down and abandoning module CurveEditorTools (346)
[2019.10.29-20.04.24:165][253]LogModuleManager: Shutting down and abandoning module CurveEditor (345)
[2019.10.29-20.04.24:310][253]LogModuleManager: Shutting down and abandoning module CryptoKeysOpenSSL (342)
[2019.10.29-20.04.24:310][253]LogModuleManager: Shutting down and abandoning module CryptoKeys (340)
[2019.10.29-20.04.24:310][253]LogModuleManager: Shutting down and abandoning module VisualStudioSourceCodeAccess (338)
[2019.10.29-20.04.24:310][253]LogModuleManager: Shutting down and abandoning module VisualStudioCodeSourceCodeAccess (336)
[2019.10.29-20.04.24:310][253]LogModuleManager: Shutting down and abandoning module UObjectPlugin (334)
[2019.10.29-20.04.24:310][253]LogModuleManager: Shutting down and abandoning module SubversionSourceControl (332)
[2019.10.29-20.04.24:392][253]LogModuleManager: Shutting down and abandoning module PerforceSourceControl (330)
[2019.10.29-20.04.24:420][253]LogModuleManager: Shutting down and abandoning module GitSourceControl (328)
[2019.10.29-20.04.24:420][253]LogModuleManager: Shutting down and abandoning module SourceControl (327)
[2019.10.29-20.04.24:420][253]LogModuleManager: Shutting down and abandoning module CLionSourceCodeAccess (324)
[2019.10.29-20.04.24:420][253]LogModuleManager: Shutting down and abandoning module AnimationSharingEd (322)
[2019.10.29-20.04.24:420][253]LogModuleManager: Shutting down and abandoning module ActorLayerUtilitiesEditor (320)
[2019.10.29-20.04.24:420][253]LogModuleManager: Shutting down and abandoning module ActorLayerUtilities (318)
[2019.10.29-20.04.24:420][253]LogModuleManager: Shutting down and abandoning module LightPropagationVolumeEditor (316)
[2019.10.29-20.04.24:420][253]LogModuleManager: Shutting down and abandoning module PaperTiledImporter (314)
[2019.10.29-20.04.24:420][253]LogModuleManager: Shutting down and abandoning module PaperSpriteSheetImporter (312)
[2019.10.29-20.04.24:420][253]LogModuleManager: Shutting down and abandoning module Paper2DEditor (310)
[2019.10.29-20.04.24:618][253]LogModuleManager: Shutting down and abandoning module SignificanceManager (308)
[2019.10.29-20.04.24:618][253]LogModuleManager: Shutting down and abandoning module RuntimePhysXCooking (306)
[2019.10.29-20.04.24:618][253]LogModuleManager: Shutting down and abandoning module PhysXVehiclesEditor (304)
[2019.10.29-20.04.24:618][253]LogModuleManager: Shutting down and abandoning module LocationServicesBPLibrary (300)
[2019.10.29-20.04.24:618][253]LogModuleManager: Shutting down and abandoning module ActorSequence (298)
[2019.10.29-20.04.24:618][253]LogModuleManager: Shutting down and abandoning module UdpMessaging (296)
[2019.10.29-20.04.24:719][253]LogModuleManager: Shutting down and abandoning module TcpMessaging (294)
[2019.10.29-20.04.24:820][253]LogModuleManager: Shutting down and abandoning module MagicLeapIdentity (292)
[2019.10.29-20.04.24:820][253]LogModuleManager: Shutting down and abandoning module MagicLeapSecureStorage (290)
[2019.10.29-20.04.24:820][253]LogModuleManager: Shutting down and abandoning module MagicLeapHandTracking (288)
[2019.10.29-20.04.24:855][253]LogModuleManager: Shutting down and abandoning module MagicLeapEyeTracker (286)
[2019.10.29-20.04.24:855][253]LogModuleManager: Shutting down and abandoning module MagicLeapController (284)
[2019.10.29-20.04.24:855][253]LogSlate: Slate User Destroyed.  User Index 0, Is Virtual User: 0
[2019.10.29-20.04.24:855][253]LogModuleManager: Shutting down and abandoning module MagicLeapAR (282)
[2019.10.29-20.04.24:855][253]LogModuleManager: Shutting down and abandoning module AugmentedReality (281)
[2019.10.29-20.04.24:855][253]LogModuleManager: Shutting down and abandoning module GameplayTagsEditor (278)
[2019.10.29-20.04.24:885][253]LogModuleManager: Shutting down and abandoning module FacialAnimationEditor (276)
[2019.10.29-20.04.24:885][253]LogModuleManager: Shutting down and abandoning module FacialAnimation (274)
[2019.10.29-20.04.24:885][253]LogModuleManager: Shutting down and abandoning module DataValidation (272)
[2019.10.29-20.04.24:885][253]LogModuleManager: Shutting down and abandoning module AssetManagerEditor (270)
[2019.10.29-20.04.25:062][253]LogModuleManager: Shutting down and abandoning module LevelEditor (269)
[2019.10.29-20.04.25:137][253]LogModuleManager: Shutting down and abandoning module PixelInspectorModule (268)
[2019.10.29-20.04.25:143][253]LogModuleManager: Shutting down and abandoning module CommonMenuExtensions (266)
[2019.10.29-20.04.25:143][253]LogModuleManager: Shutting down and abandoning module MainFrame (264)
[2019.10.29-20.04.25:143][253]LogModuleManager: Shutting down and abandoning module HotReload (263)
[2019.10.29-20.04.25:157][253]LogModuleManager: Shutting down and abandoning module ContentBrowser (259)
[2019.10.29-20.04.25:158][253]LogModuleManager: Shutting down and abandoning module TreeMap (257)
[2019.10.29-20.04.25:158][253]LogModuleManager: Shutting down and abandoning module AnimationSharing (254)
[2019.10.29-20.04.25:158][253]LogModuleManager: Shutting down and abandoning module LightPropagationVolumeRuntime (252)
[2019.10.29-20.04.25:158][253]LogModuleManager: Shutting down and abandoning module Paper2D (250)
[2019.10.29-20.04.25:177][253]LogModuleManager: Shutting down and abandoning module WindowsMoviePlayer (248)
[2019.10.29-20.04.25:179][253]LogModuleManager: Shutting down and abandoning module WebMMoviePlayer (246)
[2019.10.29-20.04.25:179][253]LogModuleManager: Shutting down and abandoning module NetworkReplayStreaming (244)
[2019.10.29-20.04.25:179][253]LogModuleManager: Shutting down and abandoning module PacketHandler (242)
[2019.10.29-20.04.25:179][253]LogModuleManager: Shutting down and abandoning module ClothingSystemEditor (240)
[2019.10.29-20.04.25:179][253]LogModuleManager: Shutting down and abandoning module ClothingSystemRuntime (238)
[2019.10.29-20.04.25:179][253]LogModuleManager: Shutting down and abandoning module MediaAssets (236)
[2019.10.29-20.04.25:179][253]LogModuleManager: Shutting down and abandoning module Overlay (234)
[2019.10.29-20.04.25:179][253]LogModuleManager: Shutting down and abandoning module OverlayEditor (233)
[2019.10.29-20.04.25:179][253]LogModuleManager: Shutting down and abandoning module VREditor (230)
[2019.10.29-20.04.25:215][253]LogModuleManager: Shutting down and abandoning module StringTableEditor (228)
[2019.10.29-20.04.25:298][253]LogModuleManager: Shutting down and abandoning module GameplayTasksEditor (226)
[2019.10.29-20.04.25:298][253]LogModuleManager: Shutting down and abandoning module BehaviorTreeEditor (224)
[2019.10.29-20.04.25:432][253]LogModuleManager: Shutting down and abandoning module FunctionalTesting (222)
[2019.10.29-20.04.25:439][253]LogModuleManager: Shutting down and abandoning module CollisionAnalyzer (220)
[2019.10.29-20.04.25:467][253]LogModuleManager: Shutting down and abandoning module WorkspaceMenuStructure (219)
[2019.10.29-20.04.25:467][253]LogModuleManager: Shutting down and abandoning module UMG (216)
[2019.10.29-20.04.25:480][253]LogModuleManager: Shutting down and abandoning module UMGEditor (215)
[2019.10.29-20.04.25:599][253]LogModuleManager: Shutting down and abandoning module Sequencer (214)
[2019.10.29-20.04.25:895][253]LogModuleManager: Shutting down and abandoning module MessageLog (211)
[2019.10.29-20.04.25:895][253]LogModuleManager: Shutting down and abandoning module SlateReflector (206)
[2019.10.29-20.04.26:048][253]LogModuleManager: Shutting down and abandoning module Slate (204)
[2019.10.29-20.04.26:048][253]LogModuleManager: Shutting down and abandoning module LandscapeEditorUtilities (202)
[2019.10.29-20.04.26:048][253]LogModuleManager: Shutting down and abandoning module EditorStyle (200)
[2019.10.29-20.04.26:049][253]LogModuleManager: Shutting down and abandoning module UnrealEd (198)
[2019.10.29-20.04.26:049][253]LogModuleManager: Shutting down and abandoning module MRMesh (196)
[2019.10.29-20.04.26:049][253]LogModuleManager: Shutting down and abandoning module SourceCodeAccess (194)
[2019.10.29-20.04.26:049][253]LogModuleManager: Shutting down and abandoning module HeadMountedDisplay (192)
[2019.10.29-20.04.26:049][253]LogModuleManager: Shutting down and abandoning module XAudio2 (190)
[2019.10.29-20.04.26:049][253]LogModuleManager: Shutting down and abandoning module Networking (188)
[2019.10.29-20.04.26:049][253]LogModuleManager: Shutting down and abandoning module Core (186)
[2019.10.29-20.04.26:049][253]LogModuleManager: Shutting down and abandoning module KismetCompiler (184)
[2019.10.29-20.04.26:049][253]LogModuleManager: Shutting down and abandoning module MeshUtilities (182)
[2019.10.29-20.04.26:049][253]LogModuleManager: Shutting down and abandoning module MeshMergeUtilities (181)
[2019.10.29-20.04.26:119][253]LogModuleManager: Shutting down and abandoning module MeshReductionInterface (180)
[2019.10.29-20.04.26:119][253]LogModuleManager: Shutting down and abandoning module SkeletalMeshReduction (179)
[2019.10.29-20.04.26:143][253]LogModuleManager: Shutting down and abandoning module ProxyLODMeshReduction (177)
[2019.10.29-20.04.26:179][253]LogModuleManager: Shutting down and abandoning module QuadricMeshReduction (175)
[2019.10.29-20.04.26:193][253]LogModuleManager: Shutting down and abandoning module MaterialBaking (171)
[2019.10.29-20.04.26:193][253]LogModuleManager: Shutting down and abandoning module NullInstallBundleManager (166)
[2019.10.29-20.04.26:193][253]LogModuleManager: Shutting down and abandoning module DerivedDataCache (164)
[2019.10.29-20.04.26:193][253]LogDerivedDataCache: Shutdown
[2019.10.29-20.04.26:193][253]LogModuleManager: Shutting down and abandoning module XGEController (162)
[2019.10.29-20.04.26:193][253]LogModuleManager: Shutting down and abandoning module TargetPlatform (160)
[2019.10.29-20.04.26:193][253]LogModuleManager: Shutting down and abandoning module VulkanShaderFormat (159)
[2019.10.29-20.04.26:305][253]LogModuleManager: Shutting down and abandoning module ShaderFormatVectorVM (157)
[2019.10.29-20.04.26:305][253]LogModuleManager: Shutting down and abandoning module ShaderFormatOpenGL (155)
[2019.10.29-20.04.26:305][253]LogModuleManager: Shutting down and abandoning module ShaderFormatD3D (153)
[2019.10.29-20.04.26:305][253]LogModuleManager: Shutting down and abandoning module MetalShaderFormat (151)
[2019.10.29-20.04.26:336][253]LogModuleManager: Shutting down and abandoning module TextureFormatUncompressed (149)
[2019.10.29-20.04.26:336][253]LogModuleManager: Shutting down and abandoning module TextureFormatPVR (147)
[2019.10.29-20.04.26:336][253]LogModuleManager: Shutting down and abandoning module TextureFormatDXT (145)
[2019.10.29-20.04.26:336][253]LogModuleManager: Shutting down and abandoning module TextureFormatIntelISPCTexComp (143)
[2019.10.29-20.04.26:337][253]LogModuleManager: Shutting down and abandoning module TextureFormatASTC (141)
[2019.10.29-20.04.26:337][253]LogModuleManager: Shutting down and abandoning module ImageWrapper (140)
[2019.10.29-20.04.26:337][253]LogModuleManager: Shutting down and abandoning module TextureFormatAndroid (137)
[2019.10.29-20.04.26:337][253]LogModuleManager: Shutting down and abandoning module AudioFormatOpus (135)
[2019.10.29-20.04.26:420][253]LogModuleManager: Shutting down and abandoning module AudioFormatOgg (133)
[2019.10.29-20.04.26:420][253]LogModuleManager: Shutting down and abandoning module AudioFormatADPCM (131)
[2019.10.29-20.04.26:420][253]LogModuleManager: Shutting down and abandoning module LuminTargetPlatform (129)
[2019.10.29-20.04.26:421][253]LogModuleManager: Shutting down and abandoning module LinuxTargetPlatform (127)
[2019.10.29-20.04.26:421][253]LogModuleManager: Shutting down and abandoning module LinuxServerTargetPlatform (125)
[2019.10.29-20.04.26:421][253]LogModuleManager: Shutting down and abandoning module LinuxNoEditorTargetPlatform (123)
[2019.10.29-20.04.26:421][253]LogModuleManager: Shutting down and abandoning module LinuxClientTargetPlatform (121)
[2019.10.29-20.04.26:421][253]LogModuleManager: Shutting down and abandoning module TVOSTargetPlatform (119)
[2019.10.29-20.04.26:422][253]LogModuleManager: Shutting down and abandoning module Messaging (117)
[2019.10.29-20.04.26:422][253]LogModuleManager: Shutting down and abandoning module IOSTargetPlatform (115)
[2019.10.29-20.04.26:423][253]LogModuleManager: Shutting down and abandoning module HTML5TargetPlatform (113)
[2019.10.29-20.04.26:423][253]LogModuleManager: Shutting down and abandoning module AndroidTargetPlatform (111)
[2019.10.29-20.04.26:429][253]LogModuleManager: Shutting down and abandoning module WindowsTargetPlatform (109)
[2019.10.29-20.04.26:429][253]LogModuleManager: Shutting down and abandoning module WindowsServerTargetPlatform (107)
[2019.10.29-20.04.26:429][253]LogModuleManager: Shutting down and abandoning module WindowsNoEditorTargetPlatform (105)
[2019.10.29-20.04.26:429][253]LogModuleManager: Shutting down and abandoning module WindowsClientTargetPlatform (103)
[2019.10.29-20.04.26:429][253]LogModuleManager: Shutting down and abandoning module MacTargetPlatform (101)
[2019.10.29-20.04.26:429][253]LogModuleManager: Shutting down and abandoning module MacServerTargetPlatform (99)
[2019.10.29-20.04.26:429][253]LogModuleManager: Shutting down and abandoning module MacNoEditorTargetPlatform (97)
[2019.10.29-20.04.26:429][253]LogModuleManager: Shutting down and abandoning module MacClientTargetPlatform (95)
[2019.10.29-20.04.26:429][253]LogModuleManager: Shutting down and abandoning module AllDesktopTargetPlatform (93)
[2019.10.29-20.04.26:429][253]LogModuleManager: Shutting down and abandoning module InputCore (90)
[2019.10.29-20.04.26:429][253]LogModuleManager: Shutting down and abandoning module Settings (88)
[2019.10.29-20.04.26:429][253]LogModuleManager: Shutting down and abandoning module DirectoryWatcher (86)
[2019.10.29-20.04.26:429][253]LogModuleManager: Shutting down and abandoning module PhysXCooking (84)
[2019.10.29-20.04.26:429][253]LogModuleManager: Shutting down and abandoning module WindowsPlatformFeatures (82)
[2019.10.29-20.04.26:429][253]LogModuleManager: Shutting down and abandoning module GameplayMediaEncoder (81)
[2019.10.29-20.04.26:429][253]LogModuleManager: Shutting down and abandoning module SteamVR (78)
[2019.10.29-20.04.26:452][253]LogHMD: Freeing OpenVRDLLHandle.
[2019.10.29-20.04.26:452][253]LogModuleManager: Shutting down and abandoning module OculusHMD (76)
[2019.10.29-20.04.26:461][253]LogModuleManager: Shutting down and abandoning module ExampleDeviceProfileSelector (74)
[2019.10.29-20.04.26:461][253]LogModuleManager: Shutting down and abandoning module LauncherChunkInstaller (72)
[2019.10.29-20.04.26:461][253]LogModuleManager: Shutting down and abandoning module OnlineBlueprintSupport (70)
[2019.10.29-20.04.26:462][253]LogModuleManager: Shutting down and abandoning module OnlineSubsystem (66)
[2019.10.29-20.04.26:712][253]LogModuleManager: Shutting down and abandoning module XMPP (61)
[2019.10.29-20.04.26:771][253]LogModuleManager: Shutting down and abandoning module WebSockets (60)
[2019.10.29-20.04.26:978][253]LogModuleManager: Shutting down and abandoning module HTTP (57)
[2019.10.29-20.04.26:978][253]LogHttp: Display: Http module shutting down, but needs to wait on 1 outstanding Http requests:
[2019.10.29-20.04.26:978][253]LogHttp: Display: 	verb=[POST] url=[https://datarouter.ol.epicgames.com/datarouter/api/v1/public/data?SessionID=%7B252095A0-4FD4-4738-35C4-57B08A82A3FA%7D&AppID=UEEditor.Rocket.Release&AppVersion=4.23.1-9631420%2B%2B%2BUE4%2BRelease-4.23&UserID=79d99cf34c355e0a900968adc451b4ce%7C6530a81128d0497584806ca34f96568e%7Cbb010a92-c8ef-4e2c-a3e2-91fc5b015784&AppEnvironment=datacollector-binary&UploadType=eteventstream] status=Processing
[2019.10.29-20.04.27:001][253]LogModuleManager: Shutting down and abandoning module SSL (56)
[2019.10.29-20.04.27:020][253]LogModuleManager: Shutting down and abandoning module WmfMedia (52)
[2019.10.29-20.04.27:022][253]LogModuleManager: Shutting down and abandoning module Media (51)
[2019.10.29-20.04.27:023][253]LogModuleManager: Shutting down and abandoning module MagicLeap (48)
[2019.10.29-20.04.27:023][253]LogModuleManager: Shutting down and abandoning module DatasmithContent (46)
[2019.10.29-20.04.27:024][253]LogModuleManager: Shutting down and abandoning module AISupportModule (44)
[2019.10.29-20.04.27:024][253]LogModuleManager: Shutting down and abandoning module PlatformCryptoOpenSSL (42)
[2019.10.29-20.04.27:041][253]LogModuleManager: Shutting down and abandoning module PlatformCrypto (40)
[2019.10.29-20.04.27:041][253]LogModuleManager: Shutting down and abandoning module AnimationModifiers (38)
[2019.10.29-20.04.27:048][253]LogModuleManager: Shutting down and abandoning module PropertyEditor (37)
[2019.10.29-20.04.27:056][253]LogModuleManager: Shutting down and abandoning module AudioEditor (34)
[2019.10.29-20.04.27:102][253]LogModuleManager: Shutting down and abandoning module TextureCompressor (32)
[2019.10.29-20.04.27:104][253]LogModuleManager: Shutting down and abandoning module RenderCore (30)
[2019.10.29-20.04.27:104][253]LogModuleManager: Shutting down and abandoning module Landscape (28)
[2019.10.29-20.04.27:104][253]LogModuleManager: Shutting down and abandoning module SlateRHIRenderer (26)
[2019.10.29-20.04.27:134][253]LogModuleManager: Shutting down and abandoning module OpenGLDrv (24)
[2019.10.29-20.04.27:219][253]LogModuleManager: Shutting down and abandoning module D3D11RHI (22)
[2019.10.29-20.04.27:219][253]LogModuleManager: Shutting down and abandoning module AnimGraphRuntime (20)
[2019.10.29-20.04.27:219][253]LogModuleManager: Shutting down and abandoning module Renderer (18)
[2019.10.29-20.04.27:220][253]LogModuleManager: Shutting down and abandoning module Engine (16)
[2019.10.29-20.04.27:220][253]LogModuleManager: Shutting down and abandoning module CoreUObject (14)
[2019.10.29-20.04.27:220][253]LogModuleManager: Shutting down and abandoning module NetworkFile (12)
[2019.10.29-20.04.27:220][253]LogModuleManager: Shutting down and abandoning module CookedIterativeFile (10)
[2019.10.29-20.04.27:220][253]LogModuleManager: Shutting down and abandoning module StreamingFile (8)
[2019.10.29-20.04.27:220][253]LogModuleManager: Shutting down and abandoning module SandboxFile (6)
[2019.10.29-20.04.27:220][253]LogModuleManager: Shutting down and abandoning module PakFile (4)
[2019.10.29-20.04.27:220][253]LogModuleManager: Shutting down and abandoning module RSA (3)
[2019.10.29-20.04.27:303][253]LogD3D11RHI: Shutdown
[2019.10.29-20.04.27:303][253]LogD3D11RHI: CleanupD3DDevice
[2019.10.29-20.04.27:359][253]LogRendererCore: FGlobalDynamicReadBuffer::Cleanup()
[2019.10.29-20.04.27:371][253]LogRendererCore: FGlobalDynamicReadBuffer::Cleanup()
[2019.10.29-20.04.27:371][253]LogRendererCore: FGlobalDynamicReadBuffer::Cleanup()
[2019.10.29-20.04.27:425][253]LogD3D11RHI: ~FD3D11DynamicRHI
[2019.10.29-20.04.27:607][253]LogExit: Exiting.
[2019.10.29-20.04.27:750][253]Log file closed, 10/29/19 22:04:27
